/data/aglinska
/data/aglinska/data/ABIDE2/RawData/ABIDEII-USM_1/
/data/aglinska/data/ABIDE2/Derivatives/test/
sub-29502
211012-16:42:22,393 nipype.workflow INFO:
	 [Node] Setting-up "fmriprep_wf.single_subject_29502_wf.func_preproc_ses_1_task_rest_run_1_wf.initial_boldref_wf.enhance_and_skullstrip_bold_wf.map_brainmask" in "/data/aglinska/work/fmriprep_wf/single_subject_29502_wf/func_preproc_ses_1_task_rest_run_1_wf/initial_boldref_wf/enhance_and_skullstrip_bold_wf/map_brainmask".
211012-16:42:22,421 nipype.workflow INFO:
	 [Node] Running "map_brainmask" ("niworkflows.interfaces.fixes.FixHeaderApplyTransforms"), a CommandLine Interface with command:
antsApplyTransforms --default-value 0 --float 1 --input /data/aglinska/.cache/templateflow/tpl-MNI152NLin2009cAsym/tpl-MNI152NLin2009cAsym_res-01_label-brain_probseg.nii.gz --interpolation BSpline --output tpl-MNI152NLin2009cAsym_res-01_label-brain_probseg_trans.nii.gz --reference-image /data/aglinska/work/fmriprep_wf/single_subject_29502_wf/func_preproc_ses_1_task_rest_run_1_wf/initial_boldref_wf/gen_ref/ref_bold.nii.gz --transform [ /data/aglinska/work/fmriprep_wf/single_subject_29502_wf/func_preproc_ses_1_task_rest_run_1_wf/initial_boldref_wf/enhance_and_skullstrip_bold_wf/norm/transform0GenericAffine.mat, 1 ]
211012-16:42:23,595 nipype.workflow INFO:
	 [Node] Finished "fmriprep_wf.single_subject_29502_wf.func_preproc_ses_1_task_rest_run_1_wf.initial_boldref_wf.enhance_and_skullstrip_bold_wf.map_brainmask".
211012-16:42:26,438 nipype.workflow INFO:
	 [Node] Setting-up "fmriprep_wf.single_subject_29502_wf.func_preproc_ses_1_task_rest_run_1_wf.initial_boldref_wf.enhance_and_skullstrip_bold_wf.binarize_mask" in "/data/aglinska/work/fmriprep_wf/single_subject_29502_wf/func_preproc_ses_1_task_rest_run_1_wf/initial_boldref_wf/enhance_and_skullstrip_bold_wf/binarize_mask".
211012-16:42:26,445 nipype.workflow INFO:
	 [Node] Running "binarize_mask" ("niworkflows.interfaces.nibabel.Binarize")
211012-16:42:26,484 nipype.workflow INFO:
	 [Node] Finished "fmriprep_wf.single_subject_29502_wf.func_preproc_ses_1_task_rest_run_1_wf.initial_boldref_wf.enhance_and_skullstrip_bold_wf.binarize_mask".
211012-16:42:28,191 nipype.workflow INFO:
	 [Node] Setting-up "fmriprep_wf.single_subject_29502_wf.func_preproc_ses_1_task_rest_run_1_wf.initial_boldref_wf.enhance_and_skullstrip_bold_wf.pre_mask_dilate" in "/data/aglinska/work/fmriprep_wf/single_subject_29502_wf/func_preproc_ses_1_task_rest_run_1_wf/initial_boldref_wf/enhance_and_skullstrip_bold_wf/pre_mask_dilate".
211012-16:42:28,567 nipype.workflow INFO:
	 [Node] Finished "fmriprep_wf.single_subject_29502_wf.func_preproc_ses_1_task_rest_run_1_wf.bold_hmc_wf.mcflirt".
211012-16:42:30,269 nipype.workflow INFO:
	 [Node] Running "pre_mask_dilate" ("nipype.interfaces.fsl.maths.DilateImage"), a CommandLine Interface with command:
fslmaths -dt char /data/aglinska/work/fmriprep_wf/single_subject_29502_wf/func_preproc_ses_1_task_rest_run_1_wf/initial_boldref_wf/enhance_and_skullstrip_bold_wf/binarize_mask/tpl-MNI152NLin2009cAsym_res-01_label-brain_probseg_trans_mask.nii.gz -kernel sphere 3.0000 -dilF /data/aglinska/work/fmriprep_wf/single_subject_29502_wf/func_preproc_ses_1_task_rest_run_1_wf/initial_boldref_wf/enhance_and_skullstrip_bold_wf/pre_mask_dilate/tpl-MNI152NLin2009cAsym_res-01_label-brain_probseg_trans_mask_dil.nii.gz
211012-16:42:30,492 nipype.workflow INFO:
	 [Node] Finished "fmriprep_wf.single_subject_29502_wf.func_preproc_ses_1_task_rest_run_1_wf.initial_boldref_wf.enhance_and_skullstrip_bold_wf.pre_mask_dilate".
211012-16:42:32,690 nipype.workflow INFO:
	 [Node] Setting-up "fmriprep_wf.single_subject_29502_wf.func_preproc_ses_1_task_rest_run_1_wf.bold_hmc_wf.normalize_motion" in "/data/aglinska/work/fmriprep_wf/single_subject_29502_wf/func_preproc_ses_1_task_rest_run_1_wf/bold_hmc_wf/normalize_motion".
211012-16:42:32,695 nipype.workflow INFO:
	 [Node] Setting-up "fmriprep_wf.single_subject_29502_wf.func_preproc_ses_1_task_rest_run_1_wf.bold_hmc_wf.fsl2itk" in "/data/aglinska/work/fmriprep_wf/single_subject_29502_wf/func_preproc_ses_1_task_rest_run_1_wf/bold_hmc_wf/fsl2itk".
211012-16:42:32,793 nipype.workflow INFO:
	 [Node] Running "normalize_motion" ("niworkflows.interfaces.utils.NormalizeMotionParams")
211012-16:42:32,803 nipype.workflow INFO:
	 [Node] Finished "fmriprep_wf.single_subject_29502_wf.func_preproc_ses_1_task_rest_run_1_wf.bold_hmc_wf.normalize_motion".
211012-16:42:32,826 nipype.workflow INFO:
	 [Node] Running "fsl2itk" ("niworkflows.interfaces.itk.MCFLIRT2ITK")
211012-16:42:34,151 nipype.workflow INFO:
	 [Node] Setting-up "fmriprep_wf.single_subject_29502_wf.func_preproc_ses_1_task_rest_run_1_wf.bold_confounds_wf.fdisp" in "/data/aglinska/work/fmriprep_wf/single_subject_29502_wf/func_preproc_ses_1_task_rest_run_1_wf/bold_confounds_wf/fdisp".
211012-16:42:36,431 nipype.workflow INFO:
	 [Node] Setting-up "fmriprep_wf.single_subject_29502_wf.func_preproc_ses_1_task_rest_run_1_wf.initial_boldref_wf.enhance_and_skullstrip_bold_wf.n4_correct" in "/data/aglinska/work/fmriprep_wf/single_subject_29502_wf/func_preproc_ses_1_task_rest_run_1_wf/initial_boldref_wf/enhance_and_skullstrip_bold_wf/n4_correct".
211012-16:42:36,436 nipype.workflow INFO:
	 [Node] Running "fdisp" ("nipype.algorithms.confounds.FramewiseDisplacement")
211012-16:42:36,449 nipype.workflow INFO:
	 [Node] Finished "fmriprep_wf.single_subject_29502_wf.func_preproc_ses_1_task_rest_run_1_wf.bold_confounds_wf.fdisp".
211012-16:42:36,591 nipype.workflow INFO:
	 [Node] Running "n4_correct" ("niworkflows.interfaces.fixes.FixN4BiasFieldCorrection"), a CommandLine Interface with command:
N4BiasFieldCorrection --bspline-fitting [ 200 ] -d 3 --input-image /data/aglinska/work/fmriprep_wf/single_subject_29502_wf/func_preproc_ses_1_task_rest_run_1_wf/initial_boldref_wf/gen_ref/ref_bold.nii.gz --mask-image /data/aglinska/work/fmriprep_wf/single_subject_29502_wf/func_preproc_ses_1_task_rest_run_1_wf/initial_boldref_wf/enhance_and_skullstrip_bold_wf/check_hdr/tpl-MNI152NLin2009cAsym_res-01_label-brain_probseg_trans_mask_dil_hdr.nii.gz --output ref_bold_corrected.nii.gz -r
211012-16:42:37,976 nipype.workflow INFO:
	 [Node] Finished "fmriprep_wf.single_subject_29502_wf.func_preproc_ses_1_task_rest_run_1_wf.initial_boldref_wf.enhance_and_skullstrip_bold_wf.n4_correct".
211012-16:42:40,213 nipype.workflow INFO:
	 [Node] Setting-up "fmriprep_wf.single_subject_29502_wf.func_preproc_ses_1_task_rest_run_1_wf.initial_boldref_wf.enhance_and_skullstrip_bold_wf.skullstrip_first_pass" in "/data/aglinska/work/fmriprep_wf/single_subject_29502_wf/func_preproc_ses_1_task_rest_run_1_wf/initial_boldref_wf/enhance_and_skullstrip_bold_wf/skullstrip_first_pass".
211012-16:42:42,212 nipype.workflow INFO:
	 [Node] Running "skullstrip_first_pass" ("nipype.interfaces.fsl.preprocess.BET"), a CommandLine Interface with command:
bet /data/aglinska/work/fmriprep_wf/single_subject_29502_wf/func_preproc_ses_1_task_rest_run_1_wf/initial_boldref_wf/enhance_and_skullstrip_bold_wf/n4_correct/ref_bold_corrected.nii.gz /data/aglinska/work/fmriprep_wf/single_subject_29502_wf/func_preproc_ses_1_task_rest_run_1_wf/initial_boldref_wf/enhance_and_skullstrip_bold_wf/skullstrip_first_pass/ref_bold_corrected_brain.nii.gz -f 0.20 -m
211012-16:42:43,603 nipype.workflow INFO:
	 [Node] Finished "fmriprep_wf.single_subject_29502_wf.func_preproc_ses_1_task_rest_run_1_wf.initial_boldref_wf.enhance_and_skullstrip_bold_wf.skullstrip_first_pass".
211012-16:42:44,207 nipype.workflow INFO:
	 [Node] Setting-up "fmriprep_wf.single_subject_29502_wf.func_preproc_ses_1_task_rest_run_1_wf.initial_boldref_wf.enhance_and_skullstrip_bold_wf.skullstrip_first_dilate" in "/data/aglinska/work/fmriprep_wf/single_subject_29502_wf/func_preproc_ses_1_task_rest_run_1_wf/initial_boldref_wf/enhance_and_skullstrip_bold_wf/skullstrip_first_dilate".
211012-16:42:44,222 nipype.workflow INFO:
	 [Node] Running "skullstrip_first_dilate" ("nipype.interfaces.fsl.maths.DilateImage"), a CommandLine Interface with command:
fslmaths -dt char /data/aglinska/work/fmriprep_wf/single_subject_29502_wf/func_preproc_ses_1_task_rest_run_1_wf/initial_boldref_wf/enhance_and_skullstrip_bold_wf/skullstrip_first_pass/ref_bold_corrected_brain_mask.nii.gz -kernel sphere 6.0000 -dilF /data/aglinska/work/fmriprep_wf/single_subject_29502_wf/func_preproc_ses_1_task_rest_run_1_wf/initial_boldref_wf/enhance_and_skullstrip_bold_wf/skullstrip_first_dilate/ref_bold_corrected_brain_mask_dil.nii.gz
211012-16:42:44,583 nipype.workflow INFO:
	 [Node] Finished "fmriprep_wf.single_subject_29502_wf.func_preproc_ses_1_task_rest_run_1_wf.initial_boldref_wf.enhance_and_skullstrip_bold_wf.skullstrip_first_dilate".
211012-16:42:46,187 nipype.workflow INFO:
	 [Node] Setting-up "fmriprep_wf.single_subject_29502_wf.func_preproc_ses_1_task_rest_run_1_wf.initial_boldref_wf.enhance_and_skullstrip_bold_wf.skullstrip_first_mask" in "/data/aglinska/work/fmriprep_wf/single_subject_29502_wf/func_preproc_ses_1_task_rest_run_1_wf/initial_boldref_wf/enhance_and_skullstrip_bold_wf/skullstrip_first_mask".
211012-16:42:46,198 nipype.workflow INFO:
	 [Node] Running "skullstrip_first_mask" ("nipype.interfaces.fsl.maths.ApplyMask"), a CommandLine Interface with command:
fslmaths /data/aglinska/work/fmriprep_wf/single_subject_29502_wf/func_preproc_ses_1_task_rest_run_1_wf/initial_boldref_wf/enhance_and_skullstrip_bold_wf/skullstrip_first_pass/ref_bold_corrected_brain.nii.gz -mas /data/aglinska/work/fmriprep_wf/single_subject_29502_wf/func_preproc_ses_1_task_rest_run_1_wf/initial_boldref_wf/enhance_and_skullstrip_bold_wf/skullstrip_first_dilate/ref_bold_corrected_brain_mask_dil.nii.gz /data/aglinska/work/fmriprep_wf/single_subject_29502_wf/func_preproc_ses_1_task_rest_run_1_wf/initial_boldref_wf/enhance_and_skullstrip_bold_wf/skullstrip_first_mask/ref_bold_corrected_brain_masked.nii.gz
211012-16:42:46,310 nipype.workflow INFO:
	 [Node] Finished "fmriprep_wf.single_subject_29502_wf.func_preproc_ses_1_task_rest_run_1_wf.initial_boldref_wf.enhance_and_skullstrip_bold_wf.skullstrip_first_mask".
211012-16:42:48,7 nipype.workflow INFO:
	 [Node] Setting-up "fmriprep_wf.single_subject_29502_wf.func_preproc_ses_1_task_rest_run_1_wf.initial_boldref_wf.enhance_and_skullstrip_bold_wf.unifize" in "/data/aglinska/work/fmriprep_wf/single_subject_29502_wf/func_preproc_ses_1_task_rest_run_1_wf/initial_boldref_wf/enhance_and_skullstrip_bold_wf/unifize".
211012-16:42:48,247 nipype.workflow INFO:
	 [Node] Running "unifize" ("nipype.interfaces.afni.utils.Unifize"), a CommandLine Interface with command:
3dUnifize -clfrac 0.2 -rbt 18.3 65.0 90.0 -prefix uni.nii.gz -T2 -input /data/aglinska/work/fmriprep_wf/single_subject_29502_wf/func_preproc_ses_1_task_rest_run_1_wf/initial_boldref_wf/enhance_and_skullstrip_bold_wf/unifize/ref_bold_corrected_brain_masked.nii.gz
211012-16:42:49,566 nipype.workflow INFO:
	 [Node] Finished "fmriprep_wf.single_subject_29502_wf.func_preproc_ses_1_task_rest_run_1_wf.initial_boldref_wf.enhance_and_skullstrip_bold_wf.unifize".
211012-16:42:52,152 nipype.workflow INFO:
	 [Node] Setting-up "fmriprep_wf.single_subject_29502_wf.func_preproc_ses_1_task_rest_run_1_wf.initial_boldref_wf.enhance_and_skullstrip_bold_wf.fixhdr_unifize" in "/data/aglinska/work/fmriprep_wf/single_subject_29502_wf/func_preproc_ses_1_task_rest_run_1_wf/initial_boldref_wf/enhance_and_skullstrip_bold_wf/fixhdr_unifize".
211012-16:42:52,161 nipype.workflow INFO:
	 [Node] Running "fixhdr_unifize" ("niworkflows.interfaces.utils.CopyXForm")
211012-16:42:52,218 nipype.workflow INFO:
	 [Node] Finished "fmriprep_wf.single_subject_29502_wf.func_preproc_ses_1_task_rest_run_1_wf.initial_boldref_wf.enhance_and_skullstrip_bold_wf.fixhdr_unifize".
211012-16:42:53,998 nipype.workflow INFO:
	 [Node] Setting-up "fmriprep_wf.single_subject_29502_wf.func_preproc_ses_1_task_rest_run_1_wf.initial_boldref_wf.enhance_and_skullstrip_bold_wf.skullstrip_second_pass" in "/data/aglinska/work/fmriprep_wf/single_subject_29502_wf/func_preproc_ses_1_task_rest_run_1_wf/initial_boldref_wf/enhance_and_skullstrip_bold_wf/skullstrip_second_pass".
211012-16:42:54,203 nipype.workflow INFO:
	 [Node] Finished "fmriprep_wf.single_subject_29502_wf.func_preproc_ses_1_task_rest_run_1_wf.bold_hmc_wf.fsl2itk".
211012-16:42:55,816 nipype.workflow INFO:
	 [Node] Running "skullstrip_second_pass" ("nipype.interfaces.afni.preprocess.Automask"), a CommandLine Interface with command:
3dAutomask -apply_prefix uni_xform_masked.nii.gz -dilate 1 -prefix uni_xform_mask.nii.gz /data/aglinska/work/fmriprep_wf/single_subject_29502_wf/func_preproc_ses_1_task_rest_run_1_wf/initial_boldref_wf/enhance_and_skullstrip_bold_wf/skullstrip_second_pass/uni_xform.nii.gz
211012-16:42:56,95 nipype.workflow INFO:
	 [Node] Finished "fmriprep_wf.single_subject_29502_wf.func_preproc_ses_1_task_rest_run_1_wf.initial_boldref_wf.enhance_and_skullstrip_bold_wf.skullstrip_second_pass".
211012-16:43:00,85 nipype.workflow INFO:
	 [Node] Setting-up "fmriprep_wf.single_subject_29502_wf.func_preproc_ses_1_task_rest_run_1_wf.initial_boldref_wf.enhance_and_skullstrip_bold_wf.fixhdr_skullstrip2" in "/data/aglinska/work/fmriprep_wf/single_subject_29502_wf/func_preproc_ses_1_task_rest_run_1_wf/initial_boldref_wf/enhance_and_skullstrip_bold_wf/fixhdr_skullstrip2".
211012-16:43:00,89 nipype.workflow INFO:
	 [Node] Setting-up "fmriprep_wf.single_subject_29502_wf.func_preproc_ses_1_task_rest_run_1_wf.bold_bold_trans_wf.bold_transform" in "/data/aglinska/work/fmriprep_wf/single_subject_29502_wf/func_preproc_ses_1_task_rest_run_1_wf/bold_bold_trans_wf/bold_transform".
211012-16:43:00,94 nipype.workflow INFO:
	 [Node] Running "fixhdr_skullstrip2" ("niworkflows.interfaces.utils.CopyXForm")
211012-16:43:00,212 nipype.workflow INFO:
	 [Node] Finished "fmriprep_wf.single_subject_29502_wf.func_preproc_ses_1_task_rest_run_1_wf.initial_boldref_wf.enhance_and_skullstrip_bold_wf.fixhdr_skullstrip2".
211012-16:43:00,215 nipype.workflow INFO:
	 [Node] Running "bold_transform" ("niworkflows.interfaces.itk.MultiApplyTransforms")
211012-16:43:02,171 nipype.workflow INFO:
	 [Node] Setting-up "fmriprep_wf.single_subject_29502_wf.func_preproc_ses_1_task_rest_run_1_wf.initial_boldref_wf.enhance_and_skullstrip_bold_wf.combine_masks" in "/data/aglinska/work/fmriprep_wf/single_subject_29502_wf/func_preproc_ses_1_task_rest_run_1_wf/initial_boldref_wf/enhance_and_skullstrip_bold_wf/combine_masks".
211012-16:43:03,954 nipype.workflow INFO:
	 [Node] Running "combine_masks" ("nipype.interfaces.fsl.maths.BinaryMaths"), a CommandLine Interface with command:
fslmaths /data/aglinska/work/fmriprep_wf/single_subject_29502_wf/func_preproc_ses_1_task_rest_run_1_wf/initial_boldref_wf/enhance_and_skullstrip_bold_wf/skullstrip_first_pass/ref_bold_corrected_brain_mask.nii.gz -mul /data/aglinska/work/fmriprep_wf/single_subject_29502_wf/func_preproc_ses_1_task_rest_run_1_wf/initial_boldref_wf/enhance_and_skullstrip_bold_wf/fixhdr_skullstrip2/uni_xform_mask_xform.nii.gz /data/aglinska/work/fmriprep_wf/single_subject_29502_wf/func_preproc_ses_1_task_rest_run_1_wf/initial_boldref_wf/enhance_and_skullstrip_bold_wf/combine_masks/ref_bold_corrected_brain_mask_maths.nii.gz
211012-16:43:04,84 nipype.workflow INFO:
	 [Node] Finished "fmriprep_wf.single_subject_29502_wf.func_preproc_ses_1_task_rest_run_1_wf.initial_boldref_wf.enhance_and_skullstrip_bold_wf.combine_masks".
211012-16:43:06,176 nipype.workflow INFO:
	 [Node] Setting-up "fmriprep_wf.single_subject_29502_wf.func_preproc_ses_1_task_rest_run_1_wf.initial_boldref_wf.enhance_and_skullstrip_bold_wf.apply_mask" in "/data/aglinska/work/fmriprep_wf/single_subject_29502_wf/func_preproc_ses_1_task_rest_run_1_wf/initial_boldref_wf/enhance_and_skullstrip_bold_wf/apply_mask".
211012-16:43:07,878 nipype.workflow INFO:
	 [Node] Running "apply_mask" ("nipype.interfaces.fsl.maths.ApplyMask"), a CommandLine Interface with command:
fslmaths /data/aglinska/work/fmriprep_wf/single_subject_29502_wf/func_preproc_ses_1_task_rest_run_1_wf/initial_boldref_wf/enhance_and_skullstrip_bold_wf/fixhdr_unifize/uni_xform.nii.gz -mas /data/aglinska/work/fmriprep_wf/single_subject_29502_wf/func_preproc_ses_1_task_rest_run_1_wf/initial_boldref_wf/enhance_and_skullstrip_bold_wf/combine_masks/ref_bold_corrected_brain_mask_maths.nii.gz /data/aglinska/work/fmriprep_wf/single_subject_29502_wf/func_preproc_ses_1_task_rest_run_1_wf/initial_boldref_wf/enhance_and_skullstrip_bold_wf/apply_mask/uni_xform_masked.nii.gz
211012-16:43:08,27 nipype.workflow INFO:
	 [Node] Finished "fmriprep_wf.single_subject_29502_wf.func_preproc_ses_1_task_rest_run_1_wf.initial_boldref_wf.enhance_and_skullstrip_bold_wf.apply_mask".
211012-16:43:17,535 nipype.workflow INFO:
	 [Node] Finished "_inu_n40".
211012-16:43:17,540 nipype.workflow INFO:
	 [Node] Finished "fmriprep_wf.single_subject_29502_wf.anat_preproc_wf.brain_extraction_wf.inu_n4".
211012-16:43:18,152 nipype.workflow INFO:
	 [Node] Setting-up "fmriprep_wf.single_subject_29502_wf.anat_preproc_wf.brain_extraction_wf.lap_target" in "/data/aglinska/work/fmriprep_wf/single_subject_29502_wf/anat_preproc_wf/brain_extraction_wf/lap_target".
211012-16:43:18,158 nipype.workflow INFO:
	 [Node] Running "lap_target" ("nipype.interfaces.ants.utils.ImageMath"), a CommandLine Interface with command:
ImageMath 3 sub-29502_ses-1_run-1_T1w_ras_valid_maths_corrected_maths.nii.gz Laplacian /data/aglinska/work/fmriprep_wf/single_subject_29502_wf/anat_preproc_wf/brain_extraction_wf/inu_n4/mapflow/_inu_n40/sub-29502_ses-1_run-1_T1w_ras_valid_maths_corrected.nii.gz 1.5 1
211012-16:43:20,149 nipype.workflow INFO:
	 [Node] Setting-up "fmriprep_wf.single_subject_29502_wf.anat_preproc_wf.brain_extraction_wf.res_target" in "/data/aglinska/work/fmriprep_wf/single_subject_29502_wf/anat_preproc_wf/brain_extraction_wf/res_target".
211012-16:43:20,156 nipype.workflow INFO:
	 [Node] Running "res_target" ("niworkflows.interfaces.images.RegridToZooms")
211012-16:43:24,55 nipype.workflow INFO:
	 [Node] Finished "fmriprep_wf.single_subject_29502_wf.anat_preproc_wf.brain_extraction_wf.res_target".
211012-16:43:26,150 nipype.workflow INFO:
	 [Node] Setting-up "fmriprep_wf.single_subject_29502_wf.anat_preproc_wf.brain_extraction_wf.init_aff" in "/data/aglinska/work/fmriprep_wf/single_subject_29502_wf/anat_preproc_wf/brain_extraction_wf/init_aff".
211012-16:43:28,210 nipype.workflow INFO:
	 [Node] Running "init_aff" ("nipype.interfaces.ants.utils.AI"), a CommandLine Interface with command:
antsAI -c [10,1e-06,10] -d 3 -x /data/aglinska/.cache/templateflow/tpl-OASIS30ANTs/tpl-OASIS30ANTs_res-01_desc-BrainCerebellumExtraction_mask.nii.gz -m Mattes[/data/aglinska/work/fmriprep_wf/single_subject_29502_wf/anat_preproc_wf/brain_extraction_wf/res_tmpl/tpl-OASIS30ANTs_res-01_T1w_regrid.nii.gz,/data/aglinska/work/fmriprep_wf/single_subject_29502_wf/anat_preproc_wf/brain_extraction_wf/res_target/sub-29502_ses-1_run-1_T1w_ras_valid_maths_corrected_regrid.nii.gz,32,Regular,0.25] -o initialization.mat -p 0 -s [15,0.1] -g [40.0,0x40x40] -t Affine[0.1] -v 1
211012-16:43:44,463 nipype.workflow INFO:
	 [Node] Finished "fmriprep_wf.single_subject_29502_wf.anat_preproc_wf.brain_extraction_wf.lap_target".
211012-16:43:45,984 nipype.workflow INFO:
	 [Node] Setting-up "fmriprep_wf.single_subject_29502_wf.anat_preproc_wf.brain_extraction_wf.mrg_target" in "/data/aglinska/work/fmriprep_wf/single_subject_29502_wf/anat_preproc_wf/brain_extraction_wf/mrg_target".
211012-16:43:46,251 nipype.workflow INFO:
	 [Node] Running "mrg_target" ("nipype.interfaces.utility.base.Merge")
211012-16:43:46,258 nipype.workflow INFO:
	 [Node] Finished "fmriprep_wf.single_subject_29502_wf.anat_preproc_wf.brain_extraction_wf.mrg_target".
211012-16:43:48,725 nipype.workflow INFO:
	 [Node] Finished "fmriprep_wf.single_subject_29502_wf.func_preproc_ses_1_task_rest_run_1_wf.bold_bold_trans_wf.bold_transform".
211012-16:43:50,404 nipype.workflow INFO:
	 [Node] Finished "fmriprep_wf.single_subject_29502_wf.anat_preproc_wf.brain_extraction_wf.init_aff".
211012-16:43:52,688 nipype.workflow INFO:
	 [Node] Setting-up "fmriprep_wf.single_subject_29502_wf.func_preproc_ses_1_task_rest_run_1_wf.bold_bold_trans_wf.merge" in "/data/aglinska/work/fmriprep_wf/single_subject_29502_wf/func_preproc_ses_1_task_rest_run_1_wf/bold_bold_trans_wf/merge".
211012-16:43:52,795 nipype.workflow INFO:
	 [Node] Running "merge" ("niworkflows.interfaces.nilearn.Merge")
211012-16:43:54,194 nipype.workflow INFO:
	 [Node] Setting-up "fmriprep_wf.single_subject_29502_wf.anat_preproc_wf.brain_extraction_wf.norm" in "/data/aglinska/work/fmriprep_wf/single_subject_29502_wf/anat_preproc_wf/brain_extraction_wf/norm".
211012-16:43:54,211 nipype.workflow INFO:
	 [Node] Running "norm" ("niworkflows.interfaces.fixes.FixHeaderRegistration"), a CommandLine Interface with command:
antsRegistration --collapse-output-transforms 1 --dimensionality 3 --float 1 --initial-moving-transform [ /data/aglinska/work/fmriprep_wf/single_subject_29502_wf/anat_preproc_wf/brain_extraction_wf/init_aff/initialization.mat, 0 ] --initialize-transforms-per-stage 0 --interpolation LanczosWindowedSinc --output [ anat_to_template, anat_to_template_Warped.nii.gz ] --transform Rigid[ 0.1 ] --metric MI[ /data/aglinska/.cache/templateflow/tpl-OASIS30ANTs/tpl-OASIS30ANTs_res-01_T1w.nii.gz, /data/aglinska/work/fmriprep_wf/single_subject_29502_wf/anat_preproc_wf/brain_extraction_wf/inu_n4/mapflow/_inu_n40/sub-29502_ses-1_run-1_T1w_ras_valid_maths_corrected.nii.gz, 1, 32, Regular, 0.25 ] --convergence [ 1000x500x250x100, 1e-08, 10 ] --smoothing-sigmas 4.0x2.0x1.0x0.0vox --shrink-factors 8x4x2x1 --use-histogram-matching 1 --masks [ /data/aglinska/.cache/templateflow/tpl-OASIS30ANTs/tpl-OASIS30ANTs_res-01_desc-BrainCerebellumExtraction_mask.nii.gz, NULL ] --transform Affine[ 0.1 ] --metric MI[ /data/aglinska/.cache/templateflow/tpl-OASIS30ANTs/tpl-OASIS30ANTs_res-01_T1w.nii.gz, /data/aglinska/work/fmriprep_wf/single_subject_29502_wf/anat_preproc_wf/brain_extraction_wf/inu_n4/mapflow/_inu_n40/sub-29502_ses-1_run-1_T1w_ras_valid_maths_corrected.nii.gz, 1, 32, Regular, 0.25 ] --convergence [ 1000x500x250x100, 1e-08, 10 ] --smoothing-sigmas 4.0x2.0x1.0x0.0vox --shrink-factors 8x4x2x1 --use-histogram-matching 1 --masks [ /data/aglinska/.cache/templateflow/tpl-OASIS30ANTs/tpl-OASIS30ANTs_res-01_desc-BrainCerebellumExtraction_mask.nii.gz, NULL ] --transform SyN[ 0.1, 3.0, 0.0 ] --metric CC[ /data/aglinska/.cache/templateflow/tpl-OASIS30ANTs/tpl-OASIS30ANTs_res-01_T1w.nii.gz, /data/aglinska/work/fmriprep_wf/single_subject_29502_wf/anat_preproc_wf/brain_extraction_wf/inu_n4/mapflow/_inu_n40/sub-29502_ses-1_run-1_T1w_ras_valid_maths_corrected.nii.gz, 0.5, 4, None, 1 ] --metric CC[ /data/aglinska/work/fmriprep_wf/single_subject_29502_wf/anat_preproc_wf/brain_extraction_wf/lap_tmpl/tpl-OASIS30ANTs_res-01_T1w_maths.nii.gz, /data/aglinska/work/fmriprep_wf/single_subject_29502_wf/anat_preproc_wf/brain_extraction_wf/lap_target/sub-29502_ses-1_run-1_T1w_ras_valid_maths_corrected_maths.nii.gz, 0.5, 4, None, 1 ] --convergence [ 50x10x0, 1e-09, 15 ] --smoothing-sigmas 2.0x1.0x0.0vox --shrink-factors 4x2x1 --use-histogram-matching 1 --masks [ /data/aglinska/.cache/templateflow/tpl-OASIS30ANTs/tpl-OASIS30ANTs_res-01_desc-BrainCerebellumExtraction_mask.nii.gz, NULL ] -v --winsorize-image-intensities [ 0.025, 0.975 ]  --write-composite-transform 0
bids-validator@1.4.0

	[33m1: [WARN] The recommended file /README is missing. See Section 03 (Modality agnostic files) of the BIDS specification. (code: 101 - README_FILE_MISSING)[39m

[36m	Please visit https://neurostars.org/search?q=README_FILE_MISSING for existing conversations about this issue.[39m

	[33m2: [WARN] The Authors field of dataset_description.json should contain an array of fields - with one author per field. This was triggered because there are no authors, which will make DOI registration from dataset metadata impossible. (code: 113 - NO_AUTHORS)[39m

[36m	Please visit https://neurostars.org/search?q=NO_AUTHORS for existing conversations about this issue.[39m


        [34m[4mSummary:[24m[39m                [34m[4mAvailable Tasks:[24m[39m        [34m[4mAvailable Modalities:[24m[39m 
        70 Files, 2.28GB        rest                    T1w                   
        33 - Subjects                                   bold                  
        1 - Session                                                           


[36m	If you have any questions, please post on https://neurostars.org/tags/bids.[39m

211012-16:44:07,32 nipype.workflow INFO:
	 [Node] Finished "fmriprep_wf.single_subject_29502_wf.func_preproc_ses_1_task_rest_run_1_wf.bold_bold_trans_wf.merge".
211012-16:44:11,170 nipype.workflow INFO:
	 [Node] Setting-up "fmriprep_wf.single_subject_29502_wf.func_preproc_ses_1_task_rest_run_1_wf.final_boldref_wf.val_bold" in "/data/aglinska/work/fmriprep_wf/single_subject_29502_wf/func_preproc_ses_1_task_rest_run_1_wf/final_boldref_wf/val_bold".
211012-16:44:11,181 nipype.workflow INFO:
	 [Node] Setting-up "_val_bold0" in "/data/aglinska/work/fmriprep_wf/single_subject_29502_wf/func_preproc_ses_1_task_rest_run_1_wf/final_boldref_wf/val_bold/mapflow/_val_bold0".
211012-16:44:11,185 nipype.workflow INFO:
	 [Node] Running "_val_bold0" ("niworkflows.interfaces.images.ValidateImage")
211012-16:44:11,323 nipype.workflow INFO:
	 [Node] Finished "_val_bold0".
211012-16:44:11,325 nipype.workflow INFO:
	 [Node] Finished "fmriprep_wf.single_subject_29502_wf.func_preproc_ses_1_task_rest_run_1_wf.final_boldref_wf.val_bold".
211012-16:44:13,377 nipype.workflow WARNING:
	 Previous output generated by version 0+unknown found.
211012-16:44:13,559 nipype.workflow IMPORTANT:
	 
    Running fMRIPREP version 20.2.0:
      * BIDS dataset path: /data/aglinska/data/ABIDE2/RawData/ABIDEII-USM_1.
      * Participant list: ['29502'].
      * Run identifier: 20211012-164401_415e4353-4414-4ff5-864b-a945777eae7f.
      * Output spaces: MNI152NLin2009cAsym:res-native.
      * Pre-run FreeSurfer's SUBJECTS_DIR: /data/aglinska/data/ABIDE2/Derivatives/test/freesurfer.
211012-16:44:14,628 nipype.workflow INFO:
	 No single-band-reference found for sub-29502_ses-1_task-rest_run-1_bold.nii.gz.
211012-16:44:14,709 nipype.workflow INFO:
	 [Node] Setting-up "fmriprep_wf.single_subject_29502_wf.func_preproc_ses_1_task_rest_run_1_wf.final_boldref_wf.gen_ref" in "/data/aglinska/work/fmriprep_wf/single_subject_29502_wf/func_preproc_ses_1_task_rest_run_1_wf/final_boldref_wf/gen_ref".
211012-16:44:14,744 nipype.workflow INFO:
	 [Node] Running "gen_ref" ("niworkflows.interfaces.registration.EstimateReferenceImage")
211012-16:44:15,334 nipype.workflow IMPORTANT:
	 Slice-timing correction will be included.
211012-16:44:16,607 nipype.interface INFO:
	 stderr 2021-10-12T16:44:16.607010:++ 3dvolreg: AFNI version=Debian-16.2.07~dfsg.1-5~nd16.04+1 (Jun 12 2017) [64-bit]
211012-16:44:16,612 nipype.interface INFO:
	 stderr 2021-10-12T16:44:16.607010:++ Authored by: RW Cox
211012-16:44:16,613 nipype.interface INFO:
	 stderr 2021-10-12T16:44:16.613002:** AFNI converts NIFTI_datatype=4 (INT16) in file /data/aglinska/work/fmriprep_wf/single_subject_29502_wf/func_preproc_ses_1_task_rest_run_1_wf/final_boldref_wf/gen_ref/slice.nii.gz to FLOAT32
211012-16:44:16,613 nipype.interface INFO:
	 stderr 2021-10-12T16:44:16.613002:     Warnings of this type will be muted for this session.
211012-16:44:16,613 nipype.interface INFO:
	 stderr 2021-10-12T16:44:16.613002:     Set AFNI_NIFTI_TYPE_WARN to YES to see them all, NO to see none.
211012-16:44:16,613 nipype.interface INFO:
	 stderr 2021-10-12T16:44:16.613002:[7m*+ WARNING:[0m   If you are performing spatial transformations on an oblique dset, 
211012-16:44:16,613 nipype.interface INFO:
	 stderr 2021-10-12T16:44:16.613002:  such as /data/aglinska/work/fmriprep_wf/single_subject_29502_wf/func_preproc_ses_1_task_rest_run_1_wf/final_boldref_wf/gen_ref/slice.nii.gz,
211012-16:44:16,613 nipype.interface INFO:
	 stderr 2021-10-12T16:44:16.613002:  or viewing/combining it with volumes of differing obliquity,
211012-16:44:16,613 nipype.interface INFO:
	 stderr 2021-10-12T16:44:16.613002:  you should consider running: 
211012-16:44:16,613 nipype.interface INFO:
	 stderr 2021-10-12T16:44:16.613002:     3dWarp -deoblique 
211012-16:44:16,613 nipype.interface INFO:
	 stderr 2021-10-12T16:44:16.613002:  on this and  other oblique datasets in the same session.
211012-16:44:16,613 nipype.interface INFO:
	 stderr 2021-10-12T16:44:16.613002: See 3dWarp -help for details.
211012-16:44:16,613 nipype.interface INFO:
	 stderr 2021-10-12T16:44:16.613002:++ Oblique dataset:/data/aglinska/work/fmriprep_wf/single_subject_29502_wf/func_preproc_ses_1_task_rest_run_1_wf/final_boldref_wf/gen_ref/slice.nii.gz is 0.799908 degrees from plumb.
211012-16:44:16,613 nipype.interface INFO:
	 stderr 2021-10-12T16:44:16.613002:++ Coarse del was 10, replaced with 4
211012-16:44:18,800 nipype.workflow INFO:
	 fMRIPrep workflow graph with 320 nodes built successfully.
211012-16:44:31,191 nipype.workflow IMPORTANT:
	 fMRIPrep started!
211012-16:44:34,106 nipype.interface INFO:
	 stderr 2021-10-12T16:44:34.106384:++ Max displacement in automask = 0.27 (mm) at sub-brick 14
211012-16:44:34,112 nipype.interface INFO:
	 stderr 2021-10-12T16:44:34.106384:++ Max delta displ  in automask = 0.27 (mm) at sub-brick 15
211012-16:44:35,81 nipype.workflow INFO:
	 [Node] Finished "fmriprep_wf.single_subject_29502_wf.func_preproc_ses_1_task_rest_run_1_wf.final_boldref_wf.gen_ref".
211012-16:44:36,254 nipype.workflow INFO:
	 [Node] Setting-up "fmriprep_wf.single_subject_29502_wf.func_preproc_ses_1_task_rest_run_1_wf.final_boldref_wf.enhance_and_skullstrip_bold_wf.init_aff" in "/data/aglinska/work/fmriprep_wf/single_subject_29502_wf/func_preproc_ses_1_task_rest_run_1_wf/final_boldref_wf/enhance_and_skullstrip_bold_wf/init_aff".
211012-16:44:38,408 nipype.workflow INFO:
	 [Node] Running "init_aff" ("nipype.interfaces.ants.utils.AI"), a CommandLine Interface with command:
antsAI -c [10,1e-06,10] -d 3 -x /data/aglinska/.cache/templateflow/tpl-MNI152NLin2009cAsym/tpl-MNI152NLin2009cAsym_res-02_desc-brain_mask.nii.gz -m Mattes[/data/aglinska/.cache/templateflow/tpl-MNI152NLin2009cAsym/tpl-MNI152NLin2009cAsym_res-02_desc-fMRIPrep_boldref.nii.gz,/data/aglinska/work/fmriprep_wf/single_subject_29502_wf/func_preproc_ses_1_task_rest_run_1_wf/final_boldref_wf/gen_ref/ref_bold.nii.gz,32,Regular,0.2] -o initialization.mat -p 0 -s [20,0.12] -g [40.0,0x40x40] -t Affine[0.1] -v 1
211012-16:44:56,646 nipype.workflow INFO:
	 [Node] Setting-up "fmriprep_wf.single_subject_29502_wf.func_preproc_ses_1_task_rest_run_1_wf.final_boldref_wf.enhance_and_skullstrip_bold_wf.init_aff" in "/data/aglinska/work/fmriprep_wf/single_subject_29502_wf/func_preproc_ses_1_task_rest_run_1_wf/final_boldref_wf/enhance_and_skullstrip_bold_wf/init_aff".
211012-16:44:58,603 nipype.workflow INFO:
	 [Node] Setting-up "fmriprep_wf.single_subject_29502_wf.anat_preproc_wf.brain_extraction_wf.norm" in "/data/aglinska/work/fmriprep_wf/single_subject_29502_wf/anat_preproc_wf/brain_extraction_wf/norm".
211012-16:44:58,619 nipype.workflow INFO:
	 [Node] Running "init_aff" ("nipype.interfaces.ants.utils.AI"), a CommandLine Interface with command:
antsAI -c [10,1e-06,10] -d 3 -x /data/aglinska/.cache/templateflow/tpl-MNI152NLin2009cAsym/tpl-MNI152NLin2009cAsym_res-02_desc-brain_mask.nii.gz -m Mattes[/data/aglinska/.cache/templateflow/tpl-MNI152NLin2009cAsym/tpl-MNI152NLin2009cAsym_res-02_desc-fMRIPrep_boldref.nii.gz,/data/aglinska/work/fmriprep_wf/single_subject_29502_wf/func_preproc_ses_1_task_rest_run_1_wf/final_boldref_wf/gen_ref/ref_bold.nii.gz,32,Regular,0.2] -o initialization.mat -p 0 -s [20,0.12] -g [40.0,0x40x40] -t Affine[0.1] -v 1
211012-16:44:58,631 nipype.workflow INFO:
	 [Node] Running "norm" ("niworkflows.interfaces.fixes.FixHeaderRegistration"), a CommandLine Interface with command:
antsRegistration --collapse-output-transforms 1 --dimensionality 3 --float 1 --initial-moving-transform [ /data/aglinska/work/fmriprep_wf/single_subject_29502_wf/anat_preproc_wf/brain_extraction_wf/init_aff/initialization.mat, 0 ] --initialize-transforms-per-stage 0 --interpolation LanczosWindowedSinc --output [ anat_to_template, anat_to_template_Warped.nii.gz ] --transform Rigid[ 0.1 ] --metric MI[ /data/aglinska/.cache/templateflow/tpl-OASIS30ANTs/tpl-OASIS30ANTs_res-01_T1w.nii.gz, /data/aglinska/work/fmriprep_wf/single_subject_29502_wf/anat_preproc_wf/brain_extraction_wf/inu_n4/mapflow/_inu_n40/sub-29502_ses-1_run-1_T1w_ras_valid_maths_corrected.nii.gz, 1, 32, Regular, 0.25 ] --convergence [ 1000x500x250x100, 1e-08, 10 ] --smoothing-sigmas 4.0x2.0x1.0x0.0vox --shrink-factors 8x4x2x1 --use-histogram-matching 1 --masks [ /data/aglinska/.cache/templateflow/tpl-OASIS30ANTs/tpl-OASIS30ANTs_res-01_desc-BrainCerebellumExtraction_mask.nii.gz, NULL ] --transform Affine[ 0.1 ] --metric MI[ /data/aglinska/.cache/templateflow/tpl-OASIS30ANTs/tpl-OASIS30ANTs_res-01_T1w.nii.gz, /data/aglinska/work/fmriprep_wf/single_subject_29502_wf/anat_preproc_wf/brain_extraction_wf/inu_n4/mapflow/_inu_n40/sub-29502_ses-1_run-1_T1w_ras_valid_maths_corrected.nii.gz, 1, 32, Regular, 0.25 ] --convergence [ 1000x500x250x100, 1e-08, 10 ] --smoothing-sigmas 4.0x2.0x1.0x0.0vox --shrink-factors 8x4x2x1 --use-histogram-matching 1 --masks [ /data/aglinska/.cache/templateflow/tpl-OASIS30ANTs/tpl-OASIS30ANTs_res-01_desc-BrainCerebellumExtraction_mask.nii.gz, NULL ] --transform SyN[ 0.1, 3.0, 0.0 ] --metric CC[ /data/aglinska/.cache/templateflow/tpl-OASIS30ANTs/tpl-OASIS30ANTs_res-01_T1w.nii.gz, /data/aglinska/work/fmriprep_wf/single_subject_29502_wf/anat_preproc_wf/brain_extraction_wf/inu_n4/mapflow/_inu_n40/sub-29502_ses-1_run-1_T1w_ras_valid_maths_corrected.nii.gz, 0.5, 4, None, 1 ] --metric CC[ /data/aglinska/work/fmriprep_wf/single_subject_29502_wf/anat_preproc_wf/brain_extraction_wf/lap_tmpl/tpl-OASIS30ANTs_res-01_T1w_maths.nii.gz, /data/aglinska/work/fmriprep_wf/single_subject_29502_wf/anat_preproc_wf/brain_extraction_wf/lap_target/sub-29502_ses-1_run-1_T1w_ras_valid_maths_corrected_maths.nii.gz, 0.5, 4, None, 1 ] --convergence [ 50x10x0, 1e-09, 15 ] --smoothing-sigmas 2.0x1.0x0.0vox --shrink-factors 4x2x1 --use-histogram-matching 1 --masks [ /data/aglinska/.cache/templateflow/tpl-OASIS30ANTs/tpl-OASIS30ANTs_res-01_desc-BrainCerebellumExtraction_mask.nii.gz, NULL ] -v --winsorize-image-intensities [ 0.025, 0.975 ]  --write-composite-transform 0
211012-16:45:16,284 nipype.workflow WARNING:
	 Storing result file without outputs
211012-16:45:16,291 nipype.workflow WARNING:
	 [Node] Error on "fmriprep_wf.single_subject_29502_wf.func_preproc_ses_1_task_rest_run_1_wf.final_boldref_wf.enhance_and_skullstrip_bold_wf.init_aff" (/data/aglinska/work/fmriprep_wf/single_subject_29502_wf/func_preproc_ses_1_task_rest_run_1_wf/final_boldref_wf/enhance_and_skullstrip_bold_wf/init_aff)
211012-16:45:17,946 nipype.workflow ERROR:
	 Node init_aff failed to run on host c013.
211012-16:45:17,963 nipype.workflow ERROR:
	 Saving crash info to /data/aglinska/data/ABIDE2/Derivatives/test/fmriprep/sub-29502/log/20211012-164017_274a879f-6b9e-44f4-b593-8453ffbce225/crash-20211012-164517-aglinska-init_aff-ce7bdd62-12c6-4b50-a5f5-335e1172715d.txt
Traceback (most recent call last):
  File "/usr/local/miniconda/lib/python3.7/site-packages/nipype/pipeline/plugins/multiproc.py", line 67, in run_node
    result["result"] = node.run(updatehash=updatehash)
  File "/usr/local/miniconda/lib/python3.7/site-packages/nipype/pipeline/engine/nodes.py", line 516, in run
    result = self._run_interface(execute=True)
  File "/usr/local/miniconda/lib/python3.7/site-packages/nipype/pipeline/engine/nodes.py", line 635, in _run_interface
    return self._run_command(execute)
  File "/usr/local/miniconda/lib/python3.7/site-packages/nipype/pipeline/engine/nodes.py", line 741, in _run_command
    result = self._interface.run(cwd=outdir)
  File "/usr/local/miniconda/lib/python3.7/site-packages/nipype/interfaces/base/core.py", line 419, in run
    runtime = self._run_interface(runtime)
  File "/usr/local/miniconda/lib/python3.7/site-packages/nipype/interfaces/ants/utils.py", line 446, in _run_interface
    runtime = super(AI, self)._run_interface(runtime, correct_return_codes)
  File "/usr/local/miniconda/lib/python3.7/site-packages/nipype/interfaces/base/core.py", line 814, in _run_interface
    self.raise_exception(runtime)
  File "/usr/local/miniconda/lib/python3.7/site-packages/nipype/interfaces/base/core.py", line 745, in raise_exception
    ).format(**runtime.dictcopy())
RuntimeError: Command:
antsAI -c [10,1e-06,10] -d 3 -x /data/aglinska/.cache/templateflow/tpl-MNI152NLin2009cAsym/tpl-MNI152NLin2009cAsym_res-02_desc-brain_mask.nii.gz -m Mattes[/data/aglinska/.cache/templateflow/tpl-MNI152NLin2009cAsym/tpl-MNI152NLin2009cAsym_res-02_desc-fMRIPrep_boldref.nii.gz,/data/aglinska/work/fmriprep_wf/single_subject_29502_wf/func_preproc_ses_1_task_rest_run_1_wf/final_boldref_wf/gen_ref/ref_bold.nii.gz,32,Regular,0.2] -o initialization.mat -p 0 -s [20,0.12] -g [40.0,0x40x40] -t Affine[0.1] -v 1
Standard output:
Using the Mattes MI metric (number of bins = 32)
Starting optimizer with 243 starting points
Standard error:
terminate called after throwing an instance of 'itk::ExceptionObject'
  what():  /src/ants/build/ITKv5/Modules/IO/TransformBase/src/itkTransformIOBase.cxx:88:
itk::ERROR: MatlabTransformIOTemplate(0x2029370): Failed opening fileinitialization.mat
Aborted (core dumped)
Return code: 134

211012-16:45:32,443 nipype.workflow ERROR:
	 Node init_aff failed to run on host c004.
211012-16:45:32,459 nipype.workflow ERROR:
	 Saving crash info to /data/aglinska/data/ABIDE2/Derivatives/test/fmriprep/sub-29502/log/20211012-164401_415e4353-4414-4ff5-864b-a945777eae7f/crash-20211012-164532-aglinska-init_aff-5a83b945-8cc6-4f85-adfe-3cc2e5595f0c.txt
Traceback (most recent call last):
  File "/usr/local/miniconda/lib/python3.7/shutil.py", line 557, in move
    os.rename(src, real_dst)
FileNotFoundError: [Errno 2] No such file or directory: '/data/aglinska/work/fmriprep_wf/single_subject_29502_wf/func_preproc_ses_1_task_rest_run_1_wf/final_boldref_wf/enhance_and_skullstrip_bold_wf/init_aff/_0x927bb005a4a0bbf988b283141cc08533_unfinished.json' -> '/data/aglinska/work/fmriprep_wf/single_subject_29502_wf/func_preproc_ses_1_task_rest_run_1_wf/final_boldref_wf/enhance_and_skullstrip_bold_wf/init_aff/_0x927bb005a4a0bbf988b283141cc08533.json'

During handling of the above exception, another exception occurred:

Traceback (most recent call last):
  File "/usr/local/miniconda/lib/python3.7/site-packages/nipype/pipeline/plugins/multiproc.py", line 67, in run_node
    result["result"] = node.run(updatehash=updatehash)
  File "/usr/local/miniconda/lib/python3.7/site-packages/nipype/pipeline/engine/nodes.py", line 531, in run
    shutil.move(hashfile_unfinished, hashfile_unfinished.replace("_unfinished", ""))
  File "/usr/local/miniconda/lib/python3.7/shutil.py", line 571, in move
    copy_function(src, real_dst)
  File "/usr/local/miniconda/lib/python3.7/shutil.py", line 257, in copy2
    copyfile(src, dst, follow_symlinks=follow_symlinks)
  File "/usr/local/miniconda/lib/python3.7/shutil.py", line 120, in copyfile
    with open(src, 'rb') as fsrc:
FileNotFoundError: [Errno 2] No such file or directory: '/data/aglinska/work/fmriprep_wf/single_subject_29502_wf/func_preproc_ses_1_task_rest_run_1_wf/final_boldref_wf/enhance_and_skullstrip_bold_wf/init_aff/_0x927bb005a4a0bbf988b283141cc08533_unfinished.json'

211012-16:52:06,582 nipype.workflow WARNING:
	 Storing result file without outputs
211012-16:52:06,589 nipype.workflow WARNING:
	 [Node] Error on "fmriprep_wf.single_subject_29502_wf.anat_preproc_wf.brain_extraction_wf.norm" (/data/aglinska/work/fmriprep_wf/single_subject_29502_wf/anat_preproc_wf/brain_extraction_wf/norm)
211012-16:52:08,314 nipype.workflow ERROR:
	 Node norm failed to run on host c013.
211012-16:52:08,318 nipype.workflow ERROR:
	 Saving crash info to /data/aglinska/data/ABIDE2/Derivatives/test/fmriprep/sub-29502/log/20211012-164017_274a879f-6b9e-44f4-b593-8453ffbce225/crash-20211012-165208-aglinska-norm-233f425b-bda4-40ab-b918-437ccd2952c7.txt
Traceback (most recent call last):
  File "/usr/local/miniconda/lib/python3.7/site-packages/nipype/pipeline/plugins/multiproc.py", line 67, in run_node
    result["result"] = node.run(updatehash=updatehash)
  File "/usr/local/miniconda/lib/python3.7/site-packages/nipype/pipeline/engine/nodes.py", line 516, in run
    result = self._run_interface(execute=True)
  File "/usr/local/miniconda/lib/python3.7/site-packages/nipype/pipeline/engine/nodes.py", line 635, in _run_interface
    return self._run_command(execute)
  File "/usr/local/miniconda/lib/python3.7/site-packages/nipype/pipeline/engine/nodes.py", line 741, in _run_command
    result = self._interface.run(cwd=outdir)
  File "/usr/local/miniconda/lib/python3.7/site-packages/nipype/interfaces/base/core.py", line 419, in run
    runtime = self._run_interface(runtime)
  File "/usr/local/miniconda/lib/python3.7/site-packages/niworkflows/interfaces/fixes.py", line 71, in _run_interface
    os.path.abspath(out_file),
  File "/usr/local/miniconda/lib/python3.7/posixpath.py", line 376, in abspath
    cwd = os.getcwd()
FileNotFoundError: [Errno 2] No such file or directory

211012-16:52:10,313 nipype.workflow ERROR:
	 could not run node: fmriprep_wf.single_subject_29502_wf.func_preproc_ses_1_task_rest_run_1_wf.final_boldref_wf.enhance_and_skullstrip_bold_wf.init_aff
211012-16:52:10,315 nipype.workflow ERROR:
	 could not run node: fmriprep_wf.single_subject_29502_wf.anat_preproc_wf.brain_extraction_wf.norm
211012-16:52:10,323 nipype.workflow CRITICAL:
	 fMRIPrep failed: Workflow did not execute cleanly. Check log for details
211012-16:52:10,927 cli ERROR:
	 Preprocessing did not finish successfully. Errors occurred while processing data from participants: 29502 (2). Check the HTML reports for details.
211012-16:53:22,867 nipype.workflow ERROR:
	 Node norm failed to run on host c004.
211012-16:53:22,872 nipype.workflow ERROR:
	 Saving crash info to /data/aglinska/data/ABIDE2/Derivatives/test/fmriprep/sub-29502/log/20211012-164401_415e4353-4414-4ff5-864b-a945777eae7f/crash-20211012-165322-aglinska-norm-6243bc2b-7dd8-409b-8949-b80e39e6f112.txt
Traceback (most recent call last):
  File "/usr/local/miniconda/lib/python3.7/shutil.py", line 557, in move
    os.rename(src, real_dst)
FileNotFoundError: [Errno 2] No such file or directory: '/data/aglinska/work/fmriprep_wf/single_subject_29502_wf/anat_preproc_wf/brain_extraction_wf/norm/_0xcd5a197d2c12e3330a7d0e72eb6e191d_unfinished.json' -> '/data/aglinska/work/fmriprep_wf/single_subject_29502_wf/anat_preproc_wf/brain_extraction_wf/norm/_0xcd5a197d2c12e3330a7d0e72eb6e191d.json'

During handling of the above exception, another exception occurred:

Traceback (most recent call last):
  File "/usr/local/miniconda/lib/python3.7/site-packages/nipype/pipeline/plugins/multiproc.py", line 67, in run_node
    result["result"] = node.run(updatehash=updatehash)
  File "/usr/local/miniconda/lib/python3.7/site-packages/nipype/pipeline/engine/nodes.py", line 531, in run
    shutil.move(hashfile_unfinished, hashfile_unfinished.replace("_unfinished", ""))
  File "/usr/local/miniconda/lib/python3.7/shutil.py", line 571, in move
    copy_function(src, real_dst)
  File "/usr/local/miniconda/lib/python3.7/shutil.py", line 257, in copy2
    copyfile(src, dst, follow_symlinks=follow_symlinks)
  File "/usr/local/miniconda/lib/python3.7/shutil.py", line 120, in copyfile
    with open(src, 'rb') as fsrc:
FileNotFoundError: [Errno 2] No such file or directory: '/data/aglinska/work/fmriprep_wf/single_subject_29502_wf/anat_preproc_wf/brain_extraction_wf/norm/_0xcd5a197d2c12e3330a7d0e72eb6e191d_unfinished.json'

211012-16:53:24,864 nipype.workflow ERROR:
	 could not run node: fmriprep_wf.single_subject_29502_wf.func_preproc_ses_1_task_rest_run_1_wf.final_boldref_wf.enhance_and_skullstrip_bold_wf.init_aff
211012-16:53:24,866 nipype.workflow ERROR:
	 could not run node: fmriprep_wf.single_subject_29502_wf.anat_preproc_wf.brain_extraction_wf.norm
211012-16:53:24,873 nipype.workflow CRITICAL:
	 fMRIPrep failed: Workflow did not execute cleanly. Check log for details
211012-16:53:25,452 cli ERROR:
	 Preprocessing did not finish successfully. Errors occurred while processing data from participants: 29502 (2). Check the HTML reports for details.
