/data/aglinska
/data/aglinska/data/ABIDE2/RawData/ABIDEII-USM_1/
/data/aglinska/data/ABIDE2/Derivatives/test/
sub-29508
211012-16:45:51,988 nipype.workflow INFO:
	 [Node] Finished "fmriprep_wf.single_subject_29508_wf.func_preproc_ses_1_task_rest_run_1_wf.final_boldref_wf.enhance_and_skullstrip_bold_wf.n4_correct".
211012-16:45:52,588 nipype.workflow INFO:
	 [Node] Setting-up "fmriprep_wf.single_subject_29508_wf.func_preproc_ses_1_task_rest_run_1_wf.final_boldref_wf.enhance_and_skullstrip_bold_wf.skullstrip_first_pass" in "/data/aglinska/work/fmriprep_wf/single_subject_29508_wf/func_preproc_ses_1_task_rest_run_1_wf/final_boldref_wf/enhance_and_skullstrip_bold_wf/skullstrip_first_pass".
211012-16:45:52,594 nipype.workflow INFO:
	 [Node] Running "skullstrip_first_pass" ("nipype.interfaces.fsl.preprocess.BET"), a CommandLine Interface with command:
bet /data/aglinska/work/fmriprep_wf/single_subject_29508_wf/func_preproc_ses_1_task_rest_run_1_wf/final_boldref_wf/enhance_and_skullstrip_bold_wf/n4_correct/ref_bold_corrected.nii.gz /data/aglinska/work/fmriprep_wf/single_subject_29508_wf/func_preproc_ses_1_task_rest_run_1_wf/final_boldref_wf/enhance_and_skullstrip_bold_wf/skullstrip_first_pass/ref_bold_corrected_brain.nii.gz -f 0.20 -m
211012-16:45:54,19 nipype.workflow INFO:
	 [Node] Finished "fmriprep_wf.single_subject_29508_wf.func_preproc_ses_1_task_rest_run_1_wf.final_boldref_wf.enhance_and_skullstrip_bold_wf.skullstrip_first_pass".
211012-16:45:54,590 nipype.workflow INFO:
	 [Node] Setting-up "fmriprep_wf.single_subject_29508_wf.func_preproc_ses_1_task_rest_run_1_wf.final_boldref_wf.enhance_and_skullstrip_bold_wf.skullstrip_first_dilate" in "/data/aglinska/work/fmriprep_wf/single_subject_29508_wf/func_preproc_ses_1_task_rest_run_1_wf/final_boldref_wf/enhance_and_skullstrip_bold_wf/skullstrip_first_dilate".
211012-16:45:54,596 nipype.workflow INFO:
	 [Node] Running "skullstrip_first_dilate" ("nipype.interfaces.fsl.maths.DilateImage"), a CommandLine Interface with command:
fslmaths -dt char /data/aglinska/work/fmriprep_wf/single_subject_29508_wf/func_preproc_ses_1_task_rest_run_1_wf/final_boldref_wf/enhance_and_skullstrip_bold_wf/skullstrip_first_pass/ref_bold_corrected_brain_mask.nii.gz -kernel sphere 6.0000 -dilF /data/aglinska/work/fmriprep_wf/single_subject_29508_wf/func_preproc_ses_1_task_rest_run_1_wf/final_boldref_wf/enhance_and_skullstrip_bold_wf/skullstrip_first_dilate/ref_bold_corrected_brain_mask_dil.nii.gz
211012-16:45:55,0 nipype.workflow INFO:
	 [Node] Finished "fmriprep_wf.single_subject_29508_wf.func_preproc_ses_1_task_rest_run_1_wf.final_boldref_wf.enhance_and_skullstrip_bold_wf.skullstrip_first_dilate".
211012-16:45:56,652 nipype.workflow INFO:
	 [Node] Setting-up "fmriprep_wf.single_subject_29508_wf.func_preproc_ses_1_task_rest_run_1_wf.final_boldref_wf.enhance_and_skullstrip_bold_wf.skullstrip_first_mask" in "/data/aglinska/work/fmriprep_wf/single_subject_29508_wf/func_preproc_ses_1_task_rest_run_1_wf/final_boldref_wf/enhance_and_skullstrip_bold_wf/skullstrip_first_mask".
211012-16:45:56,658 nipype.workflow INFO:
	 [Node] Running "skullstrip_first_mask" ("nipype.interfaces.fsl.maths.ApplyMask"), a CommandLine Interface with command:
fslmaths /data/aglinska/work/fmriprep_wf/single_subject_29508_wf/func_preproc_ses_1_task_rest_run_1_wf/final_boldref_wf/enhance_and_skullstrip_bold_wf/skullstrip_first_pass/ref_bold_corrected_brain.nii.gz -mas /data/aglinska/work/fmriprep_wf/single_subject_29508_wf/func_preproc_ses_1_task_rest_run_1_wf/final_boldref_wf/enhance_and_skullstrip_bold_wf/skullstrip_first_dilate/ref_bold_corrected_brain_mask_dil.nii.gz /data/aglinska/work/fmriprep_wf/single_subject_29508_wf/func_preproc_ses_1_task_rest_run_1_wf/final_boldref_wf/enhance_and_skullstrip_bold_wf/skullstrip_first_mask/ref_bold_corrected_brain_masked.nii.gz
211012-16:45:56,731 nipype.workflow INFO:
	 [Node] Finished "fmriprep_wf.single_subject_29508_wf.func_preproc_ses_1_task_rest_run_1_wf.final_boldref_wf.enhance_and_skullstrip_bold_wf.skullstrip_first_mask".
211012-16:45:58,632 nipype.workflow INFO:
	 [Node] Setting-up "fmriprep_wf.single_subject_29508_wf.func_preproc_ses_1_task_rest_run_1_wf.final_boldref_wf.enhance_and_skullstrip_bold_wf.unifize" in "/data/aglinska/work/fmriprep_wf/single_subject_29508_wf/func_preproc_ses_1_task_rest_run_1_wf/final_boldref_wf/enhance_and_skullstrip_bold_wf/unifize".
211012-16:45:58,698 nipype.workflow INFO:
	 [Node] Running "unifize" ("nipype.interfaces.afni.utils.Unifize"), a CommandLine Interface with command:
3dUnifize -clfrac 0.2 -rbt 18.3 65.0 90.0 -prefix uni.nii.gz -T2 -input /data/aglinska/work/fmriprep_wf/single_subject_29508_wf/func_preproc_ses_1_task_rest_run_1_wf/final_boldref_wf/enhance_and_skullstrip_bold_wf/unifize/ref_bold_corrected_brain_masked.nii.gz
211012-16:45:59,966 nipype.workflow INFO:
	 [Node] Finished "fmriprep_wf.single_subject_29508_wf.func_preproc_ses_1_task_rest_run_1_wf.final_boldref_wf.enhance_and_skullstrip_bold_wf.unifize".
211012-16:46:00,594 nipype.workflow INFO:
	 [Node] Setting-up "fmriprep_wf.single_subject_29508_wf.func_preproc_ses_1_task_rest_run_1_wf.final_boldref_wf.enhance_and_skullstrip_bold_wf.fixhdr_unifize" in "/data/aglinska/work/fmriprep_wf/single_subject_29508_wf/func_preproc_ses_1_task_rest_run_1_wf/final_boldref_wf/enhance_and_skullstrip_bold_wf/fixhdr_unifize".
211012-16:46:00,599 nipype.workflow INFO:
	 [Node] Running "fixhdr_unifize" ("niworkflows.interfaces.utils.CopyXForm")
211012-16:46:00,771 nipype.workflow INFO:
	 [Node] Finished "fmriprep_wf.single_subject_29508_wf.func_preproc_ses_1_task_rest_run_1_wf.final_boldref_wf.enhance_and_skullstrip_bold_wf.fixhdr_unifize".
211012-16:46:02,595 nipype.workflow INFO:
	 [Node] Setting-up "fmriprep_wf.single_subject_29508_wf.func_preproc_ses_1_task_rest_run_1_wf.final_boldref_wf.enhance_and_skullstrip_bold_wf.skullstrip_second_pass" in "/data/aglinska/work/fmriprep_wf/single_subject_29508_wf/func_preproc_ses_1_task_rest_run_1_wf/final_boldref_wf/enhance_and_skullstrip_bold_wf/skullstrip_second_pass".
211012-16:46:02,601 nipype.workflow INFO:
	 [Node] Running "skullstrip_second_pass" ("nipype.interfaces.afni.preprocess.Automask"), a CommandLine Interface with command:
3dAutomask -apply_prefix uni_xform_masked.nii.gz -dilate 1 -prefix uni_xform_mask.nii.gz /data/aglinska/work/fmriprep_wf/single_subject_29508_wf/func_preproc_ses_1_task_rest_run_1_wf/final_boldref_wf/enhance_and_skullstrip_bold_wf/skullstrip_second_pass/uni_xform.nii.gz
211012-16:46:02,787 nipype.workflow INFO:
	 [Node] Finished "fmriprep_wf.single_subject_29508_wf.func_preproc_ses_1_task_rest_run_1_wf.final_boldref_wf.enhance_and_skullstrip_bold_wf.skullstrip_second_pass".
211012-16:46:04,595 nipype.workflow INFO:
	 [Node] Setting-up "fmriprep_wf.single_subject_29508_wf.func_preproc_ses_1_task_rest_run_1_wf.final_boldref_wf.enhance_and_skullstrip_bold_wf.fixhdr_skullstrip2" in "/data/aglinska/work/fmriprep_wf/single_subject_29508_wf/func_preproc_ses_1_task_rest_run_1_wf/final_boldref_wf/enhance_and_skullstrip_bold_wf/fixhdr_skullstrip2".
211012-16:46:04,599 nipype.workflow INFO:
	 [Node] Running "fixhdr_skullstrip2" ("niworkflows.interfaces.utils.CopyXForm")
211012-16:46:04,761 nipype.workflow INFO:
	 [Node] Finished "fmriprep_wf.single_subject_29508_wf.func_preproc_ses_1_task_rest_run_1_wf.final_boldref_wf.enhance_and_skullstrip_bold_wf.fixhdr_skullstrip2".
211012-16:46:06,595 nipype.workflow INFO:
	 [Node] Setting-up "fmriprep_wf.single_subject_29508_wf.func_preproc_ses_1_task_rest_run_1_wf.final_boldref_wf.enhance_and_skullstrip_bold_wf.combine_masks" in "/data/aglinska/work/fmriprep_wf/single_subject_29508_wf/func_preproc_ses_1_task_rest_run_1_wf/final_boldref_wf/enhance_and_skullstrip_bold_wf/combine_masks".
211012-16:46:06,601 nipype.workflow INFO:
	 [Node] Running "combine_masks" ("nipype.interfaces.fsl.maths.BinaryMaths"), a CommandLine Interface with command:
fslmaths /data/aglinska/work/fmriprep_wf/single_subject_29508_wf/func_preproc_ses_1_task_rest_run_1_wf/final_boldref_wf/enhance_and_skullstrip_bold_wf/skullstrip_first_pass/ref_bold_corrected_brain_mask.nii.gz -mul /data/aglinska/work/fmriprep_wf/single_subject_29508_wf/func_preproc_ses_1_task_rest_run_1_wf/final_boldref_wf/enhance_and_skullstrip_bold_wf/fixhdr_skullstrip2/uni_xform_mask_xform.nii.gz /data/aglinska/work/fmriprep_wf/single_subject_29508_wf/func_preproc_ses_1_task_rest_run_1_wf/final_boldref_wf/enhance_and_skullstrip_bold_wf/combine_masks/ref_bold_corrected_brain_mask_maths.nii.gz
211012-16:46:06,704 nipype.workflow INFO:
	 [Node] Finished "fmriprep_wf.single_subject_29508_wf.func_preproc_ses_1_task_rest_run_1_wf.final_boldref_wf.enhance_and_skullstrip_bold_wf.combine_masks".
211012-16:46:08,597 nipype.workflow INFO:
	 [Node] Setting-up "fmriprep_wf.single_subject_29508_wf.func_preproc_ses_1_task_rest_run_1_wf.final_boldref_wf.enhance_and_skullstrip_bold_wf.apply_mask" in "/data/aglinska/work/fmriprep_wf/single_subject_29508_wf/func_preproc_ses_1_task_rest_run_1_wf/final_boldref_wf/enhance_and_skullstrip_bold_wf/apply_mask".
211012-16:46:08,603 nipype.workflow INFO:
	 [Node] Running "apply_mask" ("nipype.interfaces.fsl.maths.ApplyMask"), a CommandLine Interface with command:
fslmaths /data/aglinska/work/fmriprep_wf/single_subject_29508_wf/func_preproc_ses_1_task_rest_run_1_wf/final_boldref_wf/enhance_and_skullstrip_bold_wf/fixhdr_unifize/uni_xform.nii.gz -mas /data/aglinska/work/fmriprep_wf/single_subject_29508_wf/func_preproc_ses_1_task_rest_run_1_wf/final_boldref_wf/enhance_and_skullstrip_bold_wf/combine_masks/ref_bold_corrected_brain_mask_maths.nii.gz /data/aglinska/work/fmriprep_wf/single_subject_29508_wf/func_preproc_ses_1_task_rest_run_1_wf/final_boldref_wf/enhance_and_skullstrip_bold_wf/apply_mask/uni_xform_masked.nii.gz
211012-16:46:08,707 nipype.workflow INFO:
	 [Node] Setting-up "fmriprep_wf.single_subject_29508_wf.func_preproc_ses_1_task_rest_run_1_wf.bold_confounds_wf.dvars" in "/data/aglinska/work/fmriprep_wf/single_subject_29508_wf/func_preproc_ses_1_task_rest_run_1_wf/bold_confounds_wf/dvars".
211012-16:46:08,785 nipype.workflow INFO:
	 [Node] Finished "fmriprep_wf.single_subject_29508_wf.func_preproc_ses_1_task_rest_run_1_wf.final_boldref_wf.enhance_and_skullstrip_bold_wf.apply_mask".
211012-16:46:09,793 nipype.workflow INFO:
	 [Node] Setting-up "fmriprep_wf.single_subject_29508_wf.func_preproc_ses_1_task_rest_run_1_wf.bold_confounds_wf.tcompcor" in "/data/aglinska/work/fmriprep_wf/single_subject_29508_wf/func_preproc_ses_1_task_rest_run_1_wf/bold_confounds_wf/tcompcor".
211012-16:46:10,246 nipype.workflow INFO:
	 [Node] Running "dvars" ("nipype.algorithms.confounds.ComputeDVARS")
211012-16:46:10,249 nipype.workflow INFO:
	 [Node] Running "tcompcor" ("niworkflows.interfaces.patches.RobustTCompCor")
211012-16:46:12,158 nipype.workflow INFO:
	 [Node] Finished "fmriprep_wf.single_subject_29508_wf.func_preproc_ses_1_task_rest_run_1_wf.bold_confounds_wf.tcompcor".
211012-16:46:12,599 nipype.workflow INFO:
	 [Node] Setting-up "fmriprep_wf.single_subject_29508_wf.func_preproc_ses_1_task_rest_run_1_wf.bold_confounds_wf.tcc_metadata_fmt" in "/data/aglinska/work/fmriprep_wf/single_subject_29508_wf/func_preproc_ses_1_task_rest_run_1_wf/bold_confounds_wf/tcc_metadata_fmt".
211012-16:46:12,605 nipype.workflow INFO:
	 [Node] Running "tcc_metadata_fmt" ("niworkflows.interfaces.utils.TSV2JSON")
211012-16:46:12,628 nipype.workflow INFO:
	 [Node] Finished "fmriprep_wf.single_subject_29508_wf.func_preproc_ses_1_task_rest_run_1_wf.bold_confounds_wf.tcc_metadata_fmt".
211012-16:46:20,599 nipype.workflow INFO:
	 [Node] Finished "fmriprep_wf.single_subject_29508_wf.func_preproc_ses_1_task_rest_run_1_wf.bold_confounds_wf.dvars".
bids-validator@1.4.0

	[33m1: [WARN] The recommended file /README is missing. See Section 03 (Modality agnostic files) of the BIDS specification. (code: 101 - README_FILE_MISSING)[39m

[36m	Please visit https://neurostars.org/search?q=README_FILE_MISSING for existing conversations about this issue.[39m

	[33m2: [WARN] The Authors field of dataset_description.json should contain an array of fields - with one author per field. This was triggered because there are no authors, which will make DOI registration from dataset metadata impossible. (code: 113 - NO_AUTHORS)[39m

[36m	Please visit https://neurostars.org/search?q=NO_AUTHORS for existing conversations about this issue.[39m


        [34m[4mSummary:[24m[39m                [34m[4mAvailable Tasks:[24m[39m        [34m[4mAvailable Modalities:[24m[39m 
        70 Files, 2.28GB        rest                    T1w                   
        33 - Subjects                                   bold                  
        1 - Session                                                           


[36m	If you have any questions, please post on https://neurostars.org/tags/bids.[39m

211012-16:48:11,782 nipype.workflow WARNING:
	 Previous output generated by version 0+unknown found.
211012-16:48:11,932 nipype.workflow IMPORTANT:
	 
    Running fMRIPREP version 20.2.0:
      * BIDS dataset path: /data/aglinska/data/ABIDE2/RawData/ABIDEII-USM_1.
      * Participant list: ['29508'].
      * Run identifier: 20211012-164756_4c458990-3205-4079-9998-e31f78fe1860.
      * Output spaces: MNI152NLin2009cAsym:res-native.
      * Pre-run FreeSurfer's SUBJECTS_DIR: /data/aglinska/data/ABIDE2/Derivatives/test/freesurfer.
211012-16:48:13,378 nipype.workflow INFO:
	 No single-band-reference found for sub-29508_ses-1_task-rest_run-1_bold.nii.gz.
211012-16:48:14,200 nipype.workflow IMPORTANT:
	 Slice-timing correction will be included.
211012-16:48:18,914 nipype.workflow INFO:
	 fMRIPrep workflow graph with 320 nodes built successfully.
211012-16:48:34,400 nipype.workflow IMPORTANT:
	 fMRIPrep started!
211012-16:49:01,825 nipype.workflow INFO:
	 [Node] Setting-up "fmriprep_wf.single_subject_29508_wf.anat_preproc_wf.brain_extraction_wf.norm" in "/data/aglinska/work/fmriprep_wf/single_subject_29508_wf/anat_preproc_wf/brain_extraction_wf/norm".
211012-16:49:01,860 nipype.workflow INFO:
	 [Node] Running "norm" ("niworkflows.interfaces.fixes.FixHeaderRegistration"), a CommandLine Interface with command:
antsRegistration --collapse-output-transforms 1 --dimensionality 3 --float 1 --initial-moving-transform [ /data/aglinska/work/fmriprep_wf/single_subject_29508_wf/anat_preproc_wf/brain_extraction_wf/init_aff/initialization.mat, 0 ] --initialize-transforms-per-stage 0 --interpolation LanczosWindowedSinc --output [ anat_to_template, anat_to_template_Warped.nii.gz ] --transform Rigid[ 0.1 ] --metric MI[ /data/aglinska/.cache/templateflow/tpl-OASIS30ANTs/tpl-OASIS30ANTs_res-01_T1w.nii.gz, /data/aglinska/work/fmriprep_wf/single_subject_29508_wf/anat_preproc_wf/brain_extraction_wf/inu_n4/mapflow/_inu_n40/sub-29508_ses-1_run-1_T1w_ras_valid_maths_corrected.nii.gz, 1, 32, Regular, 0.25 ] --convergence [ 1000x500x250x100, 1e-08, 10 ] --smoothing-sigmas 4.0x2.0x1.0x0.0vox --shrink-factors 8x4x2x1 --use-histogram-matching 1 --masks [ /data/aglinska/.cache/templateflow/tpl-OASIS30ANTs/tpl-OASIS30ANTs_res-01_desc-BrainCerebellumExtraction_mask.nii.gz, NULL ] --transform Affine[ 0.1 ] --metric MI[ /data/aglinska/.cache/templateflow/tpl-OASIS30ANTs/tpl-OASIS30ANTs_res-01_T1w.nii.gz, /data/aglinska/work/fmriprep_wf/single_subject_29508_wf/anat_preproc_wf/brain_extraction_wf/inu_n4/mapflow/_inu_n40/sub-29508_ses-1_run-1_T1w_ras_valid_maths_corrected.nii.gz, 1, 32, Regular, 0.25 ] --convergence [ 1000x500x250x100, 1e-08, 10 ] --smoothing-sigmas 4.0x2.0x1.0x0.0vox --shrink-factors 8x4x2x1 --use-histogram-matching 1 --masks [ /data/aglinska/.cache/templateflow/tpl-OASIS30ANTs/tpl-OASIS30ANTs_res-01_desc-BrainCerebellumExtraction_mask.nii.gz, NULL ] --transform SyN[ 0.1, 3.0, 0.0 ] --metric CC[ /data/aglinska/.cache/templateflow/tpl-OASIS30ANTs/tpl-OASIS30ANTs_res-01_T1w.nii.gz, /data/aglinska/work/fmriprep_wf/single_subject_29508_wf/anat_preproc_wf/brain_extraction_wf/inu_n4/mapflow/_inu_n40/sub-29508_ses-1_run-1_T1w_ras_valid_maths_corrected.nii.gz, 0.5, 4, None, 1 ] --metric CC[ /data/aglinska/work/fmriprep_wf/single_subject_29508_wf/anat_preproc_wf/brain_extraction_wf/lap_tmpl/tpl-OASIS30ANTs_res-01_T1w_maths.nii.gz, /data/aglinska/work/fmriprep_wf/single_subject_29508_wf/anat_preproc_wf/brain_extraction_wf/lap_target/sub-29508_ses-1_run-1_T1w_ras_valid_maths_corrected_maths.nii.gz, 0.5, 4, None, 1 ] --convergence [ 50x10x0, 1e-09, 15 ] --smoothing-sigmas 2.0x1.0x0.0vox --shrink-factors 4x2x1 --use-histogram-matching 1 --masks [ /data/aglinska/.cache/templateflow/tpl-OASIS30ANTs/tpl-OASIS30ANTs_res-01_desc-BrainCerebellumExtraction_mask.nii.gz, NULL ] -v --winsorize-image-intensities [ 0.025, 0.975 ]  --write-composite-transform 0
211012-16:52:50,606 nipype.workflow WARNING:
	 Storing result file without outputs
211012-16:52:50,621 nipype.workflow WARNING:
	 [Node] Error on "fmriprep_wf.single_subject_29508_wf.anat_preproc_wf.brain_extraction_wf.norm" (/data/aglinska/work/fmriprep_wf/single_subject_29508_wf/anat_preproc_wf/brain_extraction_wf/norm)
211012-16:52:50,892 nipype.workflow ERROR:
	 Node norm failed to run on host c069.
211012-16:52:50,920 nipype.workflow ERROR:
	 Saving crash info to /data/aglinska/data/ABIDE2/Derivatives/test/fmriprep/sub-29508/log/20211012-164035_29b6d985-e075-484f-bb45-00f3331957ad/crash-20211012-165250-aglinska-norm-a522c5cb-c15d-445b-ad2c-059349eca515.txt
Traceback (most recent call last):
  File "/usr/local/miniconda/lib/python3.7/site-packages/nipype/pipeline/plugins/multiproc.py", line 67, in run_node
    result["result"] = node.run(updatehash=updatehash)
  File "/usr/local/miniconda/lib/python3.7/site-packages/nipype/pipeline/engine/nodes.py", line 516, in run
    result = self._run_interface(execute=True)
  File "/usr/local/miniconda/lib/python3.7/site-packages/nipype/pipeline/engine/nodes.py", line 635, in _run_interface
    return self._run_command(execute)
  File "/usr/local/miniconda/lib/python3.7/site-packages/nipype/pipeline/engine/nodes.py", line 741, in _run_command
    result = self._interface.run(cwd=outdir)
  File "/usr/local/miniconda/lib/python3.7/site-packages/nipype/interfaces/base/core.py", line 419, in run
    runtime = self._run_interface(runtime)
  File "/usr/local/miniconda/lib/python3.7/site-packages/niworkflows/interfaces/fixes.py", line 71, in _run_interface
    os.path.abspath(out_file),
  File "/usr/local/miniconda/lib/python3.7/posixpath.py", line 376, in abspath
    cwd = os.getcwd()
FileNotFoundError: [Errno 2] No such file or directory

211012-16:52:52,892 nipype.workflow ERROR:
	 could not run node: fmriprep_wf.single_subject_29508_wf.anat_preproc_wf.brain_extraction_wf.norm
211012-16:52:52,896 nipype.workflow CRITICAL:
	 fMRIPrep failed: Workflow did not execute cleanly. Check log for details
211012-16:52:53,422 cli ERROR:
	 Preprocessing did not finish successfully. Errors occurred while processing data from participants: 29508 (1). Check the HTML reports for details.
211012-16:57:34,53 nipype.workflow ERROR:
	 Node norm failed to run on host c090.
211012-16:57:34,66 nipype.workflow ERROR:
	 Saving crash info to /data/aglinska/data/ABIDE2/Derivatives/test/fmriprep/sub-29508/log/20211012-164756_4c458990-3205-4079-9998-e31f78fe1860/crash-20211012-165734-aglinska-norm-3b9fe99a-250f-49d8-9061-62989ea8b94d.txt
Traceback (most recent call last):
  File "/usr/local/miniconda/lib/python3.7/shutil.py", line 557, in move
    os.rename(src, real_dst)
FileNotFoundError: [Errno 2] No such file or directory: '/data/aglinska/work/fmriprep_wf/single_subject_29508_wf/anat_preproc_wf/brain_extraction_wf/norm/_0xe4e2a84a91f93ba1f420b31b7106f4b6_unfinished.json' -> '/data/aglinska/work/fmriprep_wf/single_subject_29508_wf/anat_preproc_wf/brain_extraction_wf/norm/_0xe4e2a84a91f93ba1f420b31b7106f4b6.json'

During handling of the above exception, another exception occurred:

Traceback (most recent call last):
  File "/usr/local/miniconda/lib/python3.7/site-packages/nipype/pipeline/plugins/multiproc.py", line 67, in run_node
    result["result"] = node.run(updatehash=updatehash)
  File "/usr/local/miniconda/lib/python3.7/site-packages/nipype/pipeline/engine/nodes.py", line 531, in run
    shutil.move(hashfile_unfinished, hashfile_unfinished.replace("_unfinished", ""))
  File "/usr/local/miniconda/lib/python3.7/shutil.py", line 571, in move
    copy_function(src, real_dst)
  File "/usr/local/miniconda/lib/python3.7/shutil.py", line 257, in copy2
    copyfile(src, dst, follow_symlinks=follow_symlinks)
  File "/usr/local/miniconda/lib/python3.7/shutil.py", line 120, in copyfile
    with open(src, 'rb') as fsrc:
FileNotFoundError: [Errno 2] No such file or directory: '/data/aglinska/work/fmriprep_wf/single_subject_29508_wf/anat_preproc_wf/brain_extraction_wf/norm/_0xe4e2a84a91f93ba1f420b31b7106f4b6_unfinished.json'

211012-16:57:36,51 nipype.workflow ERROR:
	 could not run node: fmriprep_wf.single_subject_29508_wf.anat_preproc_wf.brain_extraction_wf.norm
211012-16:57:36,55 nipype.workflow CRITICAL:
	 fMRIPrep failed: Workflow did not execute cleanly. Check log for details
211012-16:57:36,603 cli ERROR:
	 Preprocessing did not finish successfully. Errors occurred while processing data from participants: 29508 (1). Check the HTML reports for details.
