/data/aglinska/BC-fMRI-AE/Code/slurm_jobs/fmriprep_ABIDEII-UCLA_1
32 files found in /data/aglinska/data/ABIDE2/RawData/ABIDEII-UCLA_1/
/data/aglinska
/data/aglinska/data/ABIDE2/RawData/ABIDEII-UCLA_1/
/data/aglinska/data/ABIDE2/Derivatives/test/
sub-29733
bids-validator@1.4.0

	[33m1: [WARN] The recommended file /README is missing. See Section 03 (Modality agnostic files) of the BIDS specification. (code: 101 - README_FILE_MISSING)[39m

[36m	Please visit https://neurostars.org/search?q=README_FILE_MISSING for existing conversations about this issue.[39m

	[33m2: [WARN] The Authors field of dataset_description.json should contain an array of fields - with one author per field. This was triggered because there are no authors, which will make DOI registration from dataset metadata impossible. (code: 113 - NO_AUTHORS)[39m

[36m	Please visit https://neurostars.org/search?q=NO_AUTHORS for existing conversations about this issue.[39m


        [34m[4mSummary:[24m[39m                    [34m[4mAvailable Tasks:[24m[39m        [34m[4mAvailable Modalities:[24m[39m 
        100 Files, 1000.33MB        rest                    T1w                   
        32 - Subjects                                       bold                  
        1 - Session                                                               


[36m	If you have any questions, please post on https://neurostars.org/tags/bids.[39m

211008-15:23:27,836 nipype.workflow IMPORTANT:
	 
    Running fMRIPREP version 20.2.0:
      * BIDS dataset path: /data/aglinska/data/ABIDE2/RawData/ABIDEII-UCLA_1.
      * Participant list: ['29733'].
      * Run identifier: 20211008-152303_c9b5300c-917c-4fe8-9c29-0a760dcde741.
      * Output spaces: MNI152NLin2009cAsym:res-native.
      * Pre-run FreeSurfer's SUBJECTS_DIR: /data/aglinska/data/ABIDE2/Derivatives/test/freesurfer.
211008-15:23:29,11 nipype.workflow INFO:
	 No single-band-reference found for sub-29733_ses-1_task-rest_run-1_bold.nii.gz.
211008-15:23:29,737 nipype.workflow IMPORTANT:
	 Slice-timing correction will be included.
211008-15:23:33,167 nipype.workflow INFO:
	 fMRIPrep workflow graph with 326 nodes built successfully.
211008-15:23:48,25 nipype.workflow IMPORTANT:
	 fMRIPrep started!
211008-15:24:01,350 nipype.workflow INFO:
	 [Node] Setting-up "fmriprep_wf.single_subject_29733_wf.func_preproc_ses_1_task_rest_run_1_wf.func_derivatives_wf.raw_sources" in "/data/aglinska/BC-fMRI-AE/Code/slurm_jobs/fmriprep_ABIDEII-UCLA_1/work/fmriprep_wf/single_subject_29733_wf/func_preproc_ses_1_task_rest_run_1_wf/func_derivatives_wf/raw_sources".
211008-15:24:01,351 nipype.workflow INFO:
	 [Node] Setting-up "fmriprep_wf.single_subject_29733_wf.anat_preproc_wf.brain_extraction_wf.full_wm" in "/data/aglinska/BC-fMRI-AE/Code/slurm_jobs/fmriprep_ABIDEII-UCLA_1/work/fmriprep_wf/single_subject_29733_wf/anat_preproc_wf/brain_extraction_wf/full_wm".
211008-15:24:01,381 nipype.workflow INFO:
	 [Node] Running "raw_sources" ("nipype.interfaces.utility.wrappers.Function")
211008-15:24:01,381 nipype.workflow INFO:
	 [Node] Running "full_wm" ("nipype.interfaces.utility.wrappers.Function")
211008-15:24:01,386 nipype.workflow INFO:
	 [Node] Finished "fmriprep_wf.single_subject_29733_wf.func_preproc_ses_1_task_rest_run_1_wf.func_derivatives_wf.raw_sources".
211008-15:24:01,596 nipype.workflow INFO:
	 [Node] Setting-up "fmriprep_wf.single_subject_29733_wf.anat_preproc_wf.brain_extraction_wf.lap_tmpl" in "/data/aglinska/BC-fMRI-AE/Code/slurm_jobs/fmriprep_ABIDEII-UCLA_1/work/fmriprep_wf/single_subject_29733_wf/anat_preproc_wf/brain_extraction_wf/lap_tmpl".
211008-15:24:01,603 nipype.workflow INFO:
	 [Node] Running "lap_tmpl" ("nipype.interfaces.ants.utils.ImageMath"), a CommandLine Interface with command:
ImageMath 3 tpl-OASIS30ANTs_res-01_T1w_maths.nii.gz Laplacian /data/aglinska/.cache/templateflow/tpl-OASIS30ANTs/tpl-OASIS30ANTs_res-01_T1w.nii.gz 1.5 1
211008-15:24:02,401 nipype.workflow INFO:
	 [Node] Finished "fmriprep_wf.single_subject_29733_wf.anat_preproc_wf.brain_extraction_wf.full_wm".
211008-15:24:04,55 nipype.workflow INFO:
	 [Node] Setting-up "fmriprep_wf.single_subject_29733_wf.func_preproc_ses_1_task_rest_run_1_wf.initial_boldref_wf.val_bold" in "/data/aglinska/BC-fMRI-AE/Code/slurm_jobs/fmriprep_ABIDEII-UCLA_1/work/fmriprep_wf/single_subject_29733_wf/func_preproc_ses_1_task_rest_run_1_wf/initial_boldref_wf/val_bold".
211008-15:24:04,65 nipype.workflow INFO:
	 [Node] Setting-up "_val_bold0" in "/data/aglinska/BC-fMRI-AE/Code/slurm_jobs/fmriprep_ABIDEII-UCLA_1/work/fmriprep_wf/single_subject_29733_wf/func_preproc_ses_1_task_rest_run_1_wf/initial_boldref_wf/val_bold/mapflow/_val_bold0".
211008-15:24:04,69 nipype.workflow INFO:
	 [Node] Running "_val_bold0" ("niworkflows.interfaces.images.ValidateImage")
211008-15:24:04,129 nipype.workflow INFO:
	 [Node] Finished "_val_bold0".
211008-15:24:04,132 nipype.workflow INFO:
	 [Node] Finished "fmriprep_wf.single_subject_29733_wf.func_preproc_ses_1_task_rest_run_1_wf.initial_boldref_wf.val_bold".
211008-15:24:04,384 nipype.workflow INFO:
	 [Node] Setting-up "fmriprep_wf.single_subject_29733_wf.anat_preproc_wf.brain_extraction_wf.res_tmpl" in "/data/aglinska/BC-fMRI-AE/Code/slurm_jobs/fmriprep_ABIDEII-UCLA_1/work/fmriprep_wf/single_subject_29733_wf/anat_preproc_wf/brain_extraction_wf/res_tmpl".
211008-15:24:04,389 nipype.workflow INFO:
	 [Node] Running "res_tmpl" ("niworkflows.interfaces.images.RegridToZooms")
211008-15:24:04,446 nipype.workflow INFO:
	 [Node] Setting-up "fmriprep_wf.single_subject_29733_wf.bidssrc" in "/data/aglinska/BC-fMRI-AE/Code/slurm_jobs/fmriprep_ABIDEII-UCLA_1/work/fmriprep_wf/single_subject_29733_wf/bidssrc".
211008-15:24:04,451 nipype.workflow INFO:
	 [Node] Running "bidssrc" ("niworkflows.interfaces.bids.BIDSDataGrabber")
211008-15:24:04,452 nipype.interface INFO:
	 No "t2w" images found for sub-29733
211008-15:24:04,452 nipype.interface INFO:
	 No "flair" images found for sub-29733
211008-15:24:04,452 nipype.interface INFO:
	 No "fmap" images found for sub-29733
211008-15:24:04,452 nipype.interface INFO:
	 No "sbref" images found for sub-29733
211008-15:24:04,452 nipype.interface INFO:
	 No "roi" images found for sub-29733
211008-15:24:04,457 nipype.workflow INFO:
	 [Node] Finished "fmriprep_wf.single_subject_29733_wf.bidssrc".
211008-15:24:06,84 nipype.workflow INFO:
	 [Node] Finished "fmriprep_wf.single_subject_29733_wf.anat_preproc_wf.brain_extraction_wf.res_tmpl".
211008-15:24:08,530 nipype.workflow INFO:
	 [Node] Setting-up "fmriprep_wf.single_subject_29733_wf.func_preproc_ses_1_task_rest_run_1_wf.initial_boldref_wf.gen_ref" in "/data/aglinska/BC-fMRI-AE/Code/slurm_jobs/fmriprep_ABIDEII-UCLA_1/work/fmriprep_wf/single_subject_29733_wf/func_preproc_ses_1_task_rest_run_1_wf/initial_boldref_wf/gen_ref".
211008-15:24:08,570 nipype.workflow INFO:
	 [Node] Running "gen_ref" ("niworkflows.interfaces.registration.EstimateReferenceImage")
211008-15:24:08,608 nipype.workflow INFO:
	 [Node] Setting-up "fmriprep_wf.single_subject_29733_wf.anat_preproc_wf.anat_template_wf.t1w_ref_dimensions" in "/data/aglinska/BC-fMRI-AE/Code/slurm_jobs/fmriprep_ABIDEII-UCLA_1/work/fmriprep_wf/single_subject_29733_wf/anat_preproc_wf/anat_template_wf/t1w_ref_dimensions".
211008-15:24:09,77 nipype.workflow INFO:
	 [Node] Setting-up "fmriprep_wf.single_subject_29733_wf.bids_info" in "/data/aglinska/BC-fMRI-AE/Code/slurm_jobs/fmriprep_ABIDEII-UCLA_1/work/fmriprep_wf/single_subject_29733_wf/bids_info".
211008-15:24:09,93 nipype.workflow INFO:
	 [Node] Running "bids_info" ("niworkflows.interfaces.bids.BIDSInfo")
211008-15:24:09,108 nipype.workflow INFO:
	 [Node] Finished "fmriprep_wf.single_subject_29733_wf.bids_info".
211008-15:24:09,132 nipype.workflow INFO:
	 [Node] Running "t1w_ref_dimensions" ("niworkflows.interfaces.images.TemplateDimensions")
211008-15:24:09,454 nipype.workflow INFO:
	 [Node] Finished "fmriprep_wf.single_subject_29733_wf.anat_preproc_wf.anat_template_wf.t1w_ref_dimensions".
211008-15:24:10,159 nipype.interface INFO:
	 stderr 2021-10-08T15:24:10.159299:++ 3dvolreg: AFNI version=Debian-16.2.07~dfsg.1-5~nd16.04+1 (Jun 12 2017) [64-bit]
211008-15:24:10,159 nipype.interface INFO:
	 stderr 2021-10-08T15:24:10.159299:++ Authored by: RW Cox
211008-15:24:10,160 nipype.interface INFO:
	 stderr 2021-10-08T15:24:10.160435:[7m*+ WARNING:[0m   If you are performing spatial transformations on an oblique dset, 
211008-15:24:10,160 nipype.interface INFO:
	 stderr 2021-10-08T15:24:10.160435:  such as /data/aglinska/BC-fMRI-AE/Code/slurm_jobs/fmriprep_ABIDEII-UCLA_1/work/fmriprep_wf/single_subject_29733_wf/func_preproc_ses_1_task_rest_run_1_wf/initial_boldref_wf/gen_ref/slice.nii.gz,
211008-15:24:10,160 nipype.interface INFO:
	 stderr 2021-10-08T15:24:10.160435:  or viewing/combining it with volumes of differing obliquity,
211008-15:24:10,160 nipype.interface INFO:
	 stderr 2021-10-08T15:24:10.160435:  you should consider running: 
211008-15:24:10,160 nipype.interface INFO:
	 stderr 2021-10-08T15:24:10.160435:     3dWarp -deoblique 
211008-15:24:10,160 nipype.interface INFO:
	 stderr 2021-10-08T15:24:10.160435:  on this and  other oblique datasets in the same session.
211008-15:24:10,160 nipype.interface INFO:
	 stderr 2021-10-08T15:24:10.160435: See 3dWarp -help for details.
211008-15:24:10,160 nipype.interface INFO:
	 stderr 2021-10-08T15:24:10.160704:++ Oblique dataset:/data/aglinska/BC-fMRI-AE/Code/slurm_jobs/fmriprep_ABIDEII-UCLA_1/work/fmriprep_wf/single_subject_29733_wf/func_preproc_ses_1_task_rest_run_1_wf/initial_boldref_wf/gen_ref/slice.nii.gz is 2.300016 degrees from plumb.
211008-15:24:10,160 nipype.interface INFO:
	 stderr 2021-10-08T15:24:10.160704:++ Coarse del was 10, replaced with 3
211008-15:24:11,468 nipype.workflow INFO:
	 [Node] Setting-up "fmriprep_wf.single_subject_29733_wf.anat_preproc_wf.anat_derivatives_wf.raw_sources" in "/data/aglinska/BC-fMRI-AE/Code/slurm_jobs/fmriprep_ABIDEII-UCLA_1/work/fmriprep_wf/single_subject_29733_wf/anat_preproc_wf/anat_derivatives_wf/raw_sources".
211008-15:24:13,997 nipype.workflow INFO:
	 [Node] Setting-up "fmriprep_wf.single_subject_29733_wf.anat_preproc_wf.anat_template_wf.t1w_conform" in "/data/aglinska/BC-fMRI-AE/Code/slurm_jobs/fmriprep_ABIDEII-UCLA_1/work/fmriprep_wf/single_subject_29733_wf/anat_preproc_wf/anat_template_wf/t1w_conform".
211008-15:24:14,7 nipype.workflow INFO:
	 [Node] Setting-up "_t1w_conform0" in "/data/aglinska/BC-fMRI-AE/Code/slurm_jobs/fmriprep_ABIDEII-UCLA_1/work/fmriprep_wf/single_subject_29733_wf/anat_preproc_wf/anat_template_wf/t1w_conform/mapflow/_t1w_conform0".
211008-15:24:14,25 nipype.workflow INFO:
	 [Node] Running "_t1w_conform0" ("niworkflows.interfaces.images.Conform")
211008-15:24:14,28 nipype.workflow INFO:
	 [Node] Running "raw_sources" ("nipype.interfaces.utility.wrappers.Function")
211008-15:24:14,32 nipype.workflow INFO:
	 [Node] Finished "fmriprep_wf.single_subject_29733_wf.anat_preproc_wf.anat_derivatives_wf.raw_sources".
211008-15:24:15,210 nipype.workflow INFO:
	 [Node] Finished "fmriprep_wf.single_subject_29733_wf.anat_preproc_wf.brain_extraction_wf.lap_tmpl".
211008-15:24:15,334 nipype.workflow INFO:
	 [Node] Finished "_t1w_conform0".
211008-15:24:15,337 nipype.workflow INFO:
	 [Node] Finished "fmriprep_wf.single_subject_29733_wf.anat_preproc_wf.anat_template_wf.t1w_conform".
211008-15:24:15,478 nipype.workflow INFO:
	 [Node] Setting-up "fmriprep_wf.single_subject_29733_wf.anat_preproc_wf.brain_extraction_wf.mrg_tmpl" in "/data/aglinska/BC-fMRI-AE/Code/slurm_jobs/fmriprep_ABIDEII-UCLA_1/work/fmriprep_wf/single_subject_29733_wf/anat_preproc_wf/brain_extraction_wf/mrg_tmpl".
211008-15:24:15,686 nipype.workflow INFO:
	 [Node] Running "mrg_tmpl" ("nipype.interfaces.utility.base.Merge")
211008-15:24:15,692 nipype.workflow INFO:
	 [Node] Finished "fmriprep_wf.single_subject_29733_wf.anat_preproc_wf.brain_extraction_wf.mrg_tmpl".
211008-15:24:17,637 nipype.workflow INFO:
	 [Node] Setting-up "fmriprep_wf.single_subject_29733_wf.anat_preproc_wf.anat_template_wf.n4_correct" in "/data/aglinska/BC-fMRI-AE/Code/slurm_jobs/fmriprep_ABIDEII-UCLA_1/work/fmriprep_wf/single_subject_29733_wf/anat_preproc_wf/anat_template_wf/n4_correct".
211008-15:24:17,652 nipype.workflow INFO:
	 [Node] Setting-up "_n4_correct0" in "/data/aglinska/BC-fMRI-AE/Code/slurm_jobs/fmriprep_ABIDEII-UCLA_1/work/fmriprep_wf/single_subject_29733_wf/anat_preproc_wf/anat_template_wf/n4_correct/mapflow/_n4_correct0".
211008-15:24:17,668 nipype.workflow INFO:
	 [Node] Running "_n4_correct0" ("nipype.interfaces.ants.segmentation.N4BiasFieldCorrection"), a CommandLine Interface with command:
N4BiasFieldCorrection -d 3 --input-image /data/aglinska/BC-fMRI-AE/Code/slurm_jobs/fmriprep_ABIDEII-UCLA_1/work/fmriprep_wf/single_subject_29733_wf/anat_preproc_wf/anat_template_wf/t1w_conform/mapflow/_t1w_conform0/sub-29733_ses-1_run-1_T1w_ras.nii.gz --output sub-29733_ses-1_run-1_T1w_ras_corrected.nii.gz
211008-15:24:20,0 nipype.workflow INFO:
	 [Node] Setting-up "fmriprep_wf.single_subject_29733_wf.anat_preproc_wf.anat_template_wf.t1w_conform_xfm" in "/data/aglinska/BC-fMRI-AE/Code/slurm_jobs/fmriprep_ABIDEII-UCLA_1/work/fmriprep_wf/single_subject_29733_wf/anat_preproc_wf/anat_template_wf/t1w_conform_xfm".
211008-15:24:20,11 nipype.workflow INFO:
	 [Node] Setting-up "_t1w_conform_xfm0" in "/data/aglinska/BC-fMRI-AE/Code/slurm_jobs/fmriprep_ABIDEII-UCLA_1/work/fmriprep_wf/single_subject_29733_wf/anat_preproc_wf/anat_template_wf/t1w_conform_xfm/mapflow/_t1w_conform_xfm0".
211008-15:24:20,16 nipype.workflow INFO:
	 [Node] Running "_t1w_conform_xfm0" ("niworkflows.interfaces.freesurfer.PatchedLTAConvert"), a CommandLine Interface with command:
lta_convert --inlta identity.nofile --outlta /data/aglinska/BC-fMRI-AE/Code/slurm_jobs/fmriprep_ABIDEII-UCLA_1/work/fmriprep_wf/single_subject_29733_wf/anat_preproc_wf/anat_template_wf/t1w_conform_xfm/mapflow/_t1w_conform_xfm0/out.lta --src /data/aglinska/data/ABIDE2/RawData/ABIDEII-UCLA_1/sub-29733/ses-1/anat/sub-29733_ses-1_run-1_T1w.nii.gz --trg /data/aglinska/BC-fMRI-AE/Code/slurm_jobs/fmriprep_ABIDEII-UCLA_1/work/fmriprep_wf/single_subject_29733_wf/anat_preproc_wf/anat_template_wf/t1w_conform/mapflow/_t1w_conform0/sub-29733_ses-1_run-1_T1w_ras.nii.gz
211008-15:24:20,282 nipype.workflow INFO:
	 [Node] Finished "_t1w_conform_xfm0".
211008-15:24:20,284 nipype.workflow INFO:
	 [Node] Finished "fmriprep_wf.single_subject_29733_wf.anat_preproc_wf.anat_template_wf.t1w_conform_xfm".
211008-15:24:31,609 nipype.interface INFO:
	 stderr 2021-10-08T15:24:31.609889:++ Max displacement in automask = 1.35 (mm) at sub-brick 4
211008-15:24:31,610 nipype.interface INFO:
	 stderr 2021-10-08T15:24:31.609889:++ Max delta displ  in automask = 1.23 (mm) at sub-brick 4
211008-15:24:33,125 nipype.workflow INFO:
	 [Node] Finished "fmriprep_wf.single_subject_29733_wf.func_preproc_ses_1_task_rest_run_1_wf.initial_boldref_wf.gen_ref".
211008-15:24:33,680 nipype.workflow INFO:
	 [Node] Setting-up "fmriprep_wf.single_subject_29733_wf.func_preproc_ses_1_task_rest_run_1_wf.initial_boldref_wf.enhance_and_skullstrip_bold_wf.init_aff" in "/data/aglinska/BC-fMRI-AE/Code/slurm_jobs/fmriprep_ABIDEII-UCLA_1/work/fmriprep_wf/single_subject_29733_wf/func_preproc_ses_1_task_rest_run_1_wf/initial_boldref_wf/enhance_and_skullstrip_bold_wf/init_aff".
211008-15:24:33,847 nipype.workflow INFO:
	 [Node] Setting-up "fmriprep_wf.single_subject_29733_wf.func_preproc_ses_1_task_rest_run_1_wf.bold_hmc_wf.mcflirt" in "/data/aglinska/BC-fMRI-AE/Code/slurm_jobs/fmriprep_ABIDEII-UCLA_1/work/fmriprep_wf/single_subject_29733_wf/func_preproc_ses_1_task_rest_run_1_wf/bold_hmc_wf/mcflirt".
211008-15:24:35,622 nipype.workflow INFO:
	 [Node] Setting-up "fmriprep_wf.single_subject_29733_wf.func_preproc_ses_1_task_rest_run_1_wf.bold_stc_wf.slice_timing_correction" in "/data/aglinska/BC-fMRI-AE/Code/slurm_jobs/fmriprep_ABIDEII-UCLA_1/work/fmriprep_wf/single_subject_29733_wf/func_preproc_ses_1_task_rest_run_1_wf/bold_stc_wf/slice_timing_correction".
211008-15:24:35,636 nipype.workflow INFO:
	 [Node] Running "slice_timing_correction" ("nipype.interfaces.afni.preprocess.TShift"), a CommandLine Interface with command:
3dTshift -ignore 0 -prefix sub-29733_ses-1_task-rest_run-1_bold_tshift.nii.gz -tpattern @slice_timing.1D -TR 3.0s /data/aglinska/BC-fMRI-AE/Code/slurm_jobs/fmriprep_ABIDEII-UCLA_1/work/fmriprep_wf/single_subject_29733_wf/func_preproc_ses_1_task_rest_run_1_wf/bold_stc_wf/slice_timing_correction/sub-29733_ses-1_task-rest_run-1_bold.nii.gz
211008-15:24:36,178 nipype.workflow INFO:
	 [Node] Running "init_aff" ("nipype.interfaces.ants.utils.AI"), a CommandLine Interface with command:
antsAI -c [10,1e-06,10] -d 3 -x /data/aglinska/.cache/templateflow/tpl-MNI152NLin2009cAsym/tpl-MNI152NLin2009cAsym_res-02_desc-brain_mask.nii.gz -m Mattes[/data/aglinska/.cache/templateflow/tpl-MNI152NLin2009cAsym/tpl-MNI152NLin2009cAsym_res-02_desc-fMRIPrep_boldref.nii.gz,/data/aglinska/BC-fMRI-AE/Code/slurm_jobs/fmriprep_ABIDEII-UCLA_1/work/fmriprep_wf/single_subject_29733_wf/func_preproc_ses_1_task_rest_run_1_wf/initial_boldref_wf/gen_ref/ref_bold.nii.gz,32,Regular,0.2] -o initialization.mat -p 0 -s [20,0.12] -g [40.0,0x40x40] -t Affine[0.1] -v 1
211008-15:24:36,217 nipype.workflow INFO:
	 [Node] Running "mcflirt" ("nipype.interfaces.fsl.preprocess.MCFLIRT"), a CommandLine Interface with command:
mcflirt -in /data/aglinska/data/ABIDE2/RawData/ABIDEII-UCLA_1/sub-29733/ses-1/func/sub-29733_ses-1_task-rest_run-1_bold.nii.gz -out /data/aglinska/BC-fMRI-AE/Code/slurm_jobs/fmriprep_ABIDEII-UCLA_1/work/fmriprep_wf/single_subject_29733_wf/func_preproc_ses_1_task_rest_run_1_wf/bold_hmc_wf/mcflirt/sub-29733_ses-1_task-rest_run-1_bold_mcf.nii.gz -reffile /data/aglinska/BC-fMRI-AE/Code/slurm_jobs/fmriprep_ABIDEII-UCLA_1/work/fmriprep_wf/single_subject_29733_wf/func_preproc_ses_1_task_rest_run_1_wf/initial_boldref_wf/gen_ref/ref_bold.nii.gz -mats -plots -rmsabs -rmsrel
211008-15:24:43,566 nipype.workflow INFO:
	 [Node] Finished "fmriprep_wf.single_subject_29733_wf.func_preproc_ses_1_task_rest_run_1_wf.bold_stc_wf.slice_timing_correction".
211008-15:24:48,498 nipype.workflow INFO:
	 [Node] Setting-up "fmriprep_wf.single_subject_29733_wf.func_preproc_ses_1_task_rest_run_1_wf.bold_stc_wf.copy_xform" in "/data/aglinska/BC-fMRI-AE/Code/slurm_jobs/fmriprep_ABIDEII-UCLA_1/work/fmriprep_wf/single_subject_29733_wf/func_preproc_ses_1_task_rest_run_1_wf/bold_stc_wf/copy_xform".
211008-15:24:48,515 nipype.workflow INFO:
	 [Node] Running "copy_xform" ("niworkflows.interfaces.utils.CopyXForm")
211008-15:24:54,430 nipype.workflow INFO:
	 [Node] Finished "fmriprep_wf.single_subject_29733_wf.func_preproc_ses_1_task_rest_run_1_wf.bold_stc_wf.copy_xform".
211008-15:24:56,65 nipype.workflow INFO:
	 [Node] Setting-up "fmriprep_wf.single_subject_29733_wf.func_preproc_ses_1_task_rest_run_1_wf.bold_split" in "/data/aglinska/BC-fMRI-AE/Code/slurm_jobs/fmriprep_ABIDEII-UCLA_1/work/fmriprep_wf/single_subject_29733_wf/func_preproc_ses_1_task_rest_run_1_wf/bold_split".
211008-15:24:58,523 nipype.workflow INFO:
	 [Node] Running "bold_split" ("nipype.interfaces.fsl.utils.Split"), a CommandLine Interface with command:
fslsplit /data/aglinska/BC-fMRI-AE/Code/slurm_jobs/fmriprep_ABIDEII-UCLA_1/work/fmriprep_wf/single_subject_29733_wf/func_preproc_ses_1_task_rest_run_1_wf/bold_stc_wf/copy_xform/sub-29733_ses-1_task-rest_run-1_bold_tshift_xform.nii.gz -t
211008-15:25:04,369 nipype.workflow INFO:
	 [Node] Finished "fmriprep_wf.single_subject_29733_wf.func_preproc_ses_1_task_rest_run_1_wf.bold_hmc_wf.mcflirt".
211008-15:25:05,460 nipype.workflow INFO:
	 [Node] Finished "fmriprep_wf.single_subject_29733_wf.func_preproc_ses_1_task_rest_run_1_wf.bold_split".
211008-15:25:08,855 nipype.workflow INFO:
	 [Node] Setting-up "fmriprep_wf.single_subject_29733_wf.func_preproc_ses_1_task_rest_run_1_wf.bold_hmc_wf.normalize_motion" in "/data/aglinska/BC-fMRI-AE/Code/slurm_jobs/fmriprep_ABIDEII-UCLA_1/work/fmriprep_wf/single_subject_29733_wf/func_preproc_ses_1_task_rest_run_1_wf/bold_hmc_wf/normalize_motion".
211008-15:25:08,861 nipype.workflow INFO:
	 [Node] Setting-up "fmriprep_wf.single_subject_29733_wf.func_preproc_ses_1_task_rest_run_1_wf.bold_hmc_wf.fsl2itk" in "/data/aglinska/BC-fMRI-AE/Code/slurm_jobs/fmriprep_ABIDEII-UCLA_1/work/fmriprep_wf/single_subject_29733_wf/func_preproc_ses_1_task_rest_run_1_wf/bold_hmc_wf/fsl2itk".
211008-15:25:08,914 nipype.workflow INFO:
	 [Node] Running "normalize_motion" ("niworkflows.interfaces.utils.NormalizeMotionParams")
211008-15:25:08,929 nipype.workflow INFO:
	 [Node] Finished "fmriprep_wf.single_subject_29733_wf.func_preproc_ses_1_task_rest_run_1_wf.bold_hmc_wf.normalize_motion".
211008-15:25:08,941 nipype.workflow INFO:
	 [Node] Running "fsl2itk" ("niworkflows.interfaces.itk.MCFLIRT2ITK")
211008-15:25:09,910 nipype.workflow INFO:
	 [Node] Setting-up "fmriprep_wf.single_subject_29733_wf.func_preproc_ses_1_task_rest_run_1_wf.bold_confounds_wf.fdisp" in "/data/aglinska/BC-fMRI-AE/Code/slurm_jobs/fmriprep_ABIDEII-UCLA_1/work/fmriprep_wf/single_subject_29733_wf/func_preproc_ses_1_task_rest_run_1_wf/bold_confounds_wf/fdisp".
211008-15:25:10,475 nipype.workflow INFO:
	 [Node] Setting-up "fmriprep_wf.single_subject_29733_wf.func_preproc_ses_1_task_rest_run_1_wf.bold_std_trans_wf.gen_ref" in "/data/aglinska/BC-fMRI-AE/Code/slurm_jobs/fmriprep_ABIDEII-UCLA_1/work/fmriprep_wf/single_subject_29733_wf/func_preproc_ses_1_task_rest_run_1_wf/bold_std_trans_wf/_std_target_MNI152NLin2009cAsym.resnative/gen_ref".
211008-15:25:10,531 nipype.workflow INFO:
	 [Node] Running "gen_ref" ("niworkflows.interfaces.utils.GenerateSamplingReference")
211008-15:25:10,973 nipype.workflow INFO:
	 [Node] Finished "fmriprep_wf.single_subject_29733_wf.func_preproc_ses_1_task_rest_run_1_wf.bold_std_trans_wf.gen_ref".
211008-15:25:12,627 nipype.workflow INFO:
	 [Node] Running "fdisp" ("nipype.algorithms.confounds.FramewiseDisplacement")
211008-15:25:12,639 nipype.workflow INFO:
	 [Node] Finished "fmriprep_wf.single_subject_29733_wf.func_preproc_ses_1_task_rest_run_1_wf.bold_confounds_wf.fdisp".
211008-15:25:26,376 nipype.workflow INFO:
	 [Node] Finished "fmriprep_wf.single_subject_29733_wf.func_preproc_ses_1_task_rest_run_1_wf.bold_hmc_wf.fsl2itk".
211008-15:25:33,254 nipype.workflow INFO:
	 [Node] Setting-up "fmriprep_wf.single_subject_29733_wf.func_preproc_ses_1_task_rest_run_1_wf.bold_bold_trans_wf.bold_transform" in "/data/aglinska/BC-fMRI-AE/Code/slurm_jobs/fmriprep_ABIDEII-UCLA_1/work/fmriprep_wf/single_subject_29733_wf/func_preproc_ses_1_task_rest_run_1_wf/bold_bold_trans_wf/bold_transform".
211008-15:25:33,338 nipype.workflow INFO:
	 [Node] Running "bold_transform" ("niworkflows.interfaces.itk.MultiApplyTransforms")
211008-15:25:56,385 nipype.workflow INFO:
	 [Node] Finished "fmriprep_wf.single_subject_29733_wf.func_preproc_ses_1_task_rest_run_1_wf.initial_boldref_wf.enhance_and_skullstrip_bold_wf.init_aff".
211008-15:25:59,149 nipype.workflow INFO:
	 [Node] Setting-up "fmriprep_wf.single_subject_29733_wf.func_preproc_ses_1_task_rest_run_1_wf.initial_boldref_wf.enhance_and_skullstrip_bold_wf.norm" in "/data/aglinska/BC-fMRI-AE/Code/slurm_jobs/fmriprep_ABIDEII-UCLA_1/work/fmriprep_wf/single_subject_29733_wf/func_preproc_ses_1_task_rest_run_1_wf/initial_boldref_wf/enhance_and_skullstrip_bold_wf/norm".
211008-15:25:59,160 nipype.workflow INFO:
	 [Node] Running "norm" ("niworkflows.interfaces.fixes.FixHeaderRegistration"), a CommandLine Interface with command:
antsRegistration --collapse-output-transforms 1 --dimensionality 3 --float 1 --initial-moving-transform [ /data/aglinska/BC-fMRI-AE/Code/slurm_jobs/fmriprep_ABIDEII-UCLA_1/work/fmriprep_wf/single_subject_29733_wf/func_preproc_ses_1_task_rest_run_1_wf/initial_boldref_wf/enhance_and_skullstrip_bold_wf/init_aff/initialization.mat, 0 ] --initialize-transforms-per-stage 0 --interpolation Linear --output transform --transform Affine[ 0.1 ] --metric Mattes[ /data/aglinska/.cache/templateflow/tpl-MNI152NLin2009cAsym/tpl-MNI152NLin2009cAsym_res-02_desc-fMRIPrep_boldref.nii.gz, /data/aglinska/BC-fMRI-AE/Code/slurm_jobs/fmriprep_ABIDEII-UCLA_1/work/fmriprep_wf/single_subject_29733_wf/func_preproc_ses_1_task_rest_run_1_wf/initial_boldref_wf/gen_ref/ref_bold.nii.gz, 1, 64, Random, 0.2 ] --convergence [ 200, 1e-09, 10 ] --smoothing-sigmas 2.0mm --shrink-factors 2 --use-estimate-learning-rate-once 1 --use-histogram-matching 1 --winsorize-image-intensities [ 0.05, 0.98 ]  --write-composite-transform 0
211008-15:26:00,908 nipype.workflow INFO:
	 [Node] Finished "fmriprep_wf.single_subject_29733_wf.func_preproc_ses_1_task_rest_run_1_wf.initial_boldref_wf.enhance_and_skullstrip_bold_wf.norm".
211008-15:26:01,73 nipype.workflow INFO:
	 [Node] Finished "fmriprep_wf.single_subject_29733_wf.func_preproc_ses_1_task_rest_run_1_wf.bold_bold_trans_wf.bold_transform".
211008-15:26:03,552 nipype.workflow INFO:
	 [Node] Setting-up "fmriprep_wf.single_subject_29733_wf.func_preproc_ses_1_task_rest_run_1_wf.initial_boldref_wf.enhance_and_skullstrip_bold_wf.map_brainmask" in "/data/aglinska/BC-fMRI-AE/Code/slurm_jobs/fmriprep_ABIDEII-UCLA_1/work/fmriprep_wf/single_subject_29733_wf/func_preproc_ses_1_task_rest_run_1_wf/initial_boldref_wf/enhance_and_skullstrip_bold_wf/map_brainmask".
211008-15:26:03,566 nipype.workflow INFO:
	 [Node] Running "map_brainmask" ("niworkflows.interfaces.fixes.FixHeaderApplyTransforms"), a CommandLine Interface with command:
antsApplyTransforms --default-value 0 --float 1 --input /data/aglinska/.cache/templateflow/tpl-MNI152NLin2009cAsym/tpl-MNI152NLin2009cAsym_res-01_label-brain_probseg.nii.gz --interpolation BSpline --output tpl-MNI152NLin2009cAsym_res-01_label-brain_probseg_trans.nii.gz --reference-image /data/aglinska/BC-fMRI-AE/Code/slurm_jobs/fmriprep_ABIDEII-UCLA_1/work/fmriprep_wf/single_subject_29733_wf/func_preproc_ses_1_task_rest_run_1_wf/initial_boldref_wf/gen_ref/ref_bold.nii.gz --transform [ /data/aglinska/BC-fMRI-AE/Code/slurm_jobs/fmriprep_ABIDEII-UCLA_1/work/fmriprep_wf/single_subject_29733_wf/func_preproc_ses_1_task_rest_run_1_wf/initial_boldref_wf/enhance_and_skullstrip_bold_wf/norm/transform0GenericAffine.mat, 1 ]
211008-15:26:03,880 nipype.workflow INFO:
	 [Node] Setting-up "fmriprep_wf.single_subject_29733_wf.func_preproc_ses_1_task_rest_run_1_wf.bold_bold_trans_wf.merge" in "/data/aglinska/BC-fMRI-AE/Code/slurm_jobs/fmriprep_ABIDEII-UCLA_1/work/fmriprep_wf/single_subject_29733_wf/func_preproc_ses_1_task_rest_run_1_wf/bold_bold_trans_wf/merge".
211008-15:26:03,924 nipype.workflow INFO:
	 [Node] Running "merge" ("niworkflows.interfaces.nilearn.Merge")
211008-15:26:05,286 nipype.workflow INFO:
	 [Node] Finished "fmriprep_wf.single_subject_29733_wf.func_preproc_ses_1_task_rest_run_1_wf.initial_boldref_wf.enhance_and_skullstrip_bold_wf.map_brainmask".
211008-15:26:07,590 nipype.workflow INFO:
	 [Node] Setting-up "fmriprep_wf.single_subject_29733_wf.func_preproc_ses_1_task_rest_run_1_wf.initial_boldref_wf.enhance_and_skullstrip_bold_wf.binarize_mask" in "/data/aglinska/BC-fMRI-AE/Code/slurm_jobs/fmriprep_ABIDEII-UCLA_1/work/fmriprep_wf/single_subject_29733_wf/func_preproc_ses_1_task_rest_run_1_wf/initial_boldref_wf/enhance_and_skullstrip_bold_wf/binarize_mask".
211008-15:26:07,594 nipype.workflow INFO:
	 [Node] Running "binarize_mask" ("niworkflows.interfaces.nibabel.Binarize")
211008-15:26:07,623 nipype.workflow INFO:
	 [Node] Finished "fmriprep_wf.single_subject_29733_wf.func_preproc_ses_1_task_rest_run_1_wf.initial_boldref_wf.enhance_and_skullstrip_bold_wf.binarize_mask".
211008-15:26:09,772 nipype.workflow INFO:
	 [Node] Setting-up "fmriprep_wf.single_subject_29733_wf.func_preproc_ses_1_task_rest_run_1_wf.initial_boldref_wf.enhance_and_skullstrip_bold_wf.pre_mask_dilate" in "/data/aglinska/BC-fMRI-AE/Code/slurm_jobs/fmriprep_ABIDEII-UCLA_1/work/fmriprep_wf/single_subject_29733_wf/func_preproc_ses_1_task_rest_run_1_wf/initial_boldref_wf/enhance_and_skullstrip_bold_wf/pre_mask_dilate".
211008-15:26:11,632 nipype.workflow INFO:
	 [Node] Running "pre_mask_dilate" ("nipype.interfaces.fsl.maths.DilateImage"), a CommandLine Interface with command:
fslmaths -dt char /data/aglinska/BC-fMRI-AE/Code/slurm_jobs/fmriprep_ABIDEII-UCLA_1/work/fmriprep_wf/single_subject_29733_wf/func_preproc_ses_1_task_rest_run_1_wf/initial_boldref_wf/enhance_and_skullstrip_bold_wf/binarize_mask/tpl-MNI152NLin2009cAsym_res-01_label-brain_probseg_trans_mask.nii.gz -kernel sphere 3.0000 -dilF /data/aglinska/BC-fMRI-AE/Code/slurm_jobs/fmriprep_ABIDEII-UCLA_1/work/fmriprep_wf/single_subject_29733_wf/func_preproc_ses_1_task_rest_run_1_wf/initial_boldref_wf/enhance_and_skullstrip_bold_wf/pre_mask_dilate/tpl-MNI152NLin2009cAsym_res-01_label-brain_probseg_trans_mask_dil.nii.gz
211008-15:26:11,914 nipype.workflow INFO:
	 [Node] Finished "_n4_correct0".
211008-15:26:11,918 nipype.workflow INFO:
	 [Node] Finished "fmriprep_wf.single_subject_29733_wf.anat_preproc_wf.anat_template_wf.n4_correct".
211008-15:26:11,994 nipype.workflow INFO:
	 [Node] Finished "fmriprep_wf.single_subject_29733_wf.func_preproc_ses_1_task_rest_run_1_wf.initial_boldref_wf.enhance_and_skullstrip_bold_wf.pre_mask_dilate".
211008-15:26:13,477 nipype.workflow INFO:
	 [Node] Finished "fmriprep_wf.single_subject_29733_wf.func_preproc_ses_1_task_rest_run_1_wf.bold_bold_trans_wf.merge".
211008-15:26:16,594 nipype.workflow INFO:
	 [Node] Setting-up "fmriprep_wf.single_subject_29733_wf.anat_preproc_wf.anat_template_wf.t1w_merge" in "/data/aglinska/BC-fMRI-AE/Code/slurm_jobs/fmriprep_ABIDEII-UCLA_1/work/fmriprep_wf/single_subject_29733_wf/anat_preproc_wf/anat_template_wf/t1w_merge".
211008-15:26:16,692 nipype.workflow INFO:
	 [Node] Running "t1w_merge" ("niworkflows.interfaces.freesurfer.StructuralReference"), a CommandLine Interface with command:
echo Only one time point!
211008-15:26:17,242 nipype.interface INFO:
	 stdout 2021-10-08T15:26:17.242257:$Id: lta_convert.cpp,v 1.9.2.1 2016/08/09 02:33:22 zkaufman Exp $
211008-15:26:17,242 nipype.interface INFO:
	 stdout 2021-10-08T15:26:17.242257:
211008-15:26:17,242 nipype.interface INFO:
	 stdout 2021-10-08T15:26:17.242746:--inlta: identity.nofile input LTA transform.
211008-15:26:17,242 nipype.interface INFO:
	 stdout 2021-10-08T15:26:17.242746:--outlta: /data/aglinska/BC-fMRI-AE/Code/slurm_jobs/fmriprep_ABIDEII-UCLA_1/work/fmriprep_wf/single_subject_29733_wf/anat_preproc_wf/anat_template_wf/t1w_merge/tp1.lta output LTA.
211008-15:26:17,242 nipype.interface INFO:
	 stdout 2021-10-08T15:26:17.242746:--src: /data/aglinska/BC-fMRI-AE/Code/slurm_jobs/fmriprep_ABIDEII-UCLA_1/work/fmriprep_wf/single_subject_29733_wf/anat_preproc_wf/anat_template_wf/n4_correct/mapflow/_n4_correct0/sub-29733_ses-1_run-1_T1w_ras_corrected.nii.gz src image (geometry).
211008-15:26:17,242 nipype.interface INFO:
	 stdout 2021-10-08T15:26:17.242746:--trg: /data/aglinska/BC-fMRI-AE/Code/slurm_jobs/fmriprep_ABIDEII-UCLA_1/work/fmriprep_wf/single_subject_29733_wf/anat_preproc_wf/anat_template_wf/n4_correct/mapflow/_n4_correct0/sub-29733_ses-1_run-1_T1w_ras_corrected.nii.gz trg image (geometry).
211008-15:26:17,242 nipype.interface INFO:
	 stdout 2021-10-08T15:26:17.242910: LTA read, type : 1
211008-15:26:17,242 nipype.interface INFO:
	 stdout 2021-10-08T15:26:17.242910: 1.00000   0.00000   0.00000   0.00000;
211008-15:26:17,242 nipype.interface INFO:
	 stdout 2021-10-08T15:26:17.242910: 0.00000   1.00000   0.00000   0.00000;
211008-15:26:17,243 nipype.interface INFO:
	 stdout 2021-10-08T15:26:17.242910: 0.00000   0.00000   1.00000   0.00000;
211008-15:26:17,243 nipype.interface INFO:
	 stdout 2021-10-08T15:26:17.242910: 0.00000   0.00000   0.00000   1.00000;
211008-15:26:17,244 nipype.interface INFO:
	 stdout 2021-10-08T15:26:17.244077:Writing  LTA to file /data/aglinska/BC-fMRI-AE/Code/slurm_jobs/fmriprep_ABIDEII-UCLA_1/work/fmriprep_wf/single_subject_29733_wf/anat_preproc_wf/anat_template_wf/t1w_merge/tp1.lta...
211008-15:26:17,244 nipype.interface INFO:
	 stdout 2021-10-08T15:26:17.244077:lta_convert successful.
211008-15:26:17,429 nipype.workflow INFO:
	 [Node] Finished "fmriprep_wf.single_subject_29733_wf.anat_preproc_wf.anat_template_wf.t1w_merge".
211008-15:26:17,793 nipype.workflow INFO:
	 [Node] Setting-up "fmriprep_wf.single_subject_29733_wf.func_preproc_ses_1_task_rest_run_1_wf.initial_boldref_wf.enhance_and_skullstrip_bold_wf.n4_correct" in "/data/aglinska/BC-fMRI-AE/Code/slurm_jobs/fmriprep_ABIDEII-UCLA_1/work/fmriprep_wf/single_subject_29733_wf/func_preproc_ses_1_task_rest_run_1_wf/initial_boldref_wf/enhance_and_skullstrip_bold_wf/n4_correct".
211008-15:26:17,800 nipype.workflow INFO:
	 [Node] Setting-up "fmriprep_wf.single_subject_29733_wf.func_preproc_ses_1_task_rest_run_1_wf.final_boldref_wf.val_bold" in "/data/aglinska/BC-fMRI-AE/Code/slurm_jobs/fmriprep_ABIDEII-UCLA_1/work/fmriprep_wf/single_subject_29733_wf/func_preproc_ses_1_task_rest_run_1_wf/final_boldref_wf/val_bold".
211008-15:26:17,807 nipype.workflow INFO:
	 [Node] Setting-up "_val_bold0" in "/data/aglinska/BC-fMRI-AE/Code/slurm_jobs/fmriprep_ABIDEII-UCLA_1/work/fmriprep_wf/single_subject_29733_wf/func_preproc_ses_1_task_rest_run_1_wf/final_boldref_wf/val_bold/mapflow/_val_bold0".
211008-15:26:17,810 nipype.workflow INFO:
	 [Node] Running "_val_bold0" ("niworkflows.interfaces.images.ValidateImage")
211008-15:26:17,834 nipype.workflow INFO:
	 [Node] Running "n4_correct" ("niworkflows.interfaces.fixes.FixN4BiasFieldCorrection"), a CommandLine Interface with command:
N4BiasFieldCorrection --bspline-fitting [ 200 ] -d 3 --input-image /data/aglinska/BC-fMRI-AE/Code/slurm_jobs/fmriprep_ABIDEII-UCLA_1/work/fmriprep_wf/single_subject_29733_wf/func_preproc_ses_1_task_rest_run_1_wf/initial_boldref_wf/gen_ref/ref_bold.nii.gz --mask-image /data/aglinska/BC-fMRI-AE/Code/slurm_jobs/fmriprep_ABIDEII-UCLA_1/work/fmriprep_wf/single_subject_29733_wf/func_preproc_ses_1_task_rest_run_1_wf/initial_boldref_wf/enhance_and_skullstrip_bold_wf/check_hdr/tpl-MNI152NLin2009cAsym_res-01_label-brain_probseg_trans_mask_dil_hdr.nii.gz --output ref_bold_corrected.nii.gz -r
211008-15:26:17,852 nipype.workflow INFO:
	 [Node] Finished "_val_bold0".
211008-15:26:17,854 nipype.workflow INFO:
	 [Node] Finished "fmriprep_wf.single_subject_29733_wf.func_preproc_ses_1_task_rest_run_1_wf.final_boldref_wf.val_bold".
211008-15:26:19,405 nipype.workflow INFO:
	 [Node] Finished "fmriprep_wf.single_subject_29733_wf.func_preproc_ses_1_task_rest_run_1_wf.initial_boldref_wf.enhance_and_skullstrip_bold_wf.n4_correct".
211008-15:26:19,890 nipype.workflow INFO:
	 [Node] Setting-up "fmriprep_wf.single_subject_29733_wf.anat_preproc_wf.anat_template_wf.t1w_reorient" in "/data/aglinska/BC-fMRI-AE/Code/slurm_jobs/fmriprep_ABIDEII-UCLA_1/work/fmriprep_wf/single_subject_29733_wf/anat_preproc_wf/anat_template_wf/t1w_reorient".
211008-15:26:21,906 nipype.workflow INFO:
	 [Node] Setting-up "fmriprep_wf.single_subject_29733_wf.func_preproc_ses_1_task_rest_run_1_wf.initial_boldref_wf.enhance_and_skullstrip_bold_wf.skullstrip_first_pass" in "/data/aglinska/BC-fMRI-AE/Code/slurm_jobs/fmriprep_ABIDEII-UCLA_1/work/fmriprep_wf/single_subject_29733_wf/func_preproc_ses_1_task_rest_run_1_wf/initial_boldref_wf/enhance_and_skullstrip_bold_wf/skullstrip_first_pass".
211008-15:26:22,237 nipype.workflow INFO:
	 [Node] Setting-up "fmriprep_wf.single_subject_29733_wf.func_preproc_ses_1_task_rest_run_1_wf.final_boldref_wf.gen_ref" in "/data/aglinska/BC-fMRI-AE/Code/slurm_jobs/fmriprep_ABIDEII-UCLA_1/work/fmriprep_wf/single_subject_29733_wf/func_preproc_ses_1_task_rest_run_1_wf/final_boldref_wf/gen_ref".
211008-15:26:22,272 nipype.workflow INFO:
	 [Node] Running "gen_ref" ("niworkflows.interfaces.registration.EstimateReferenceImage")
211008-15:26:22,578 nipype.workflow INFO:
	 [Node] Running "t1w_reorient" ("nipype.interfaces.image.Reorient")
211008-15:26:22,634 nipype.workflow INFO:
	 [Node] Finished "fmriprep_wf.single_subject_29733_wf.anat_preproc_wf.anat_template_wf.t1w_reorient".
211008-15:26:24,139 nipype.workflow INFO:
	 [Node] Running "skullstrip_first_pass" ("nipype.interfaces.fsl.preprocess.BET"), a CommandLine Interface with command:
bet /data/aglinska/BC-fMRI-AE/Code/slurm_jobs/fmriprep_ABIDEII-UCLA_1/work/fmriprep_wf/single_subject_29733_wf/func_preproc_ses_1_task_rest_run_1_wf/initial_boldref_wf/enhance_and_skullstrip_bold_wf/n4_correct/ref_bold_corrected.nii.gz /data/aglinska/BC-fMRI-AE/Code/slurm_jobs/fmriprep_ABIDEII-UCLA_1/work/fmriprep_wf/single_subject_29733_wf/func_preproc_ses_1_task_rest_run_1_wf/initial_boldref_wf/enhance_and_skullstrip_bold_wf/skullstrip_first_pass/ref_bold_corrected_brain.nii.gz -f 0.20 -m
211008-15:26:24,550 nipype.interface INFO:
	 stderr 2021-10-08T15:26:24.550769:++ 3dvolreg: AFNI version=Debian-16.2.07~dfsg.1-5~nd16.04+1 (Jun 12 2017) [64-bit]
211008-15:26:24,551 nipype.interface INFO:
	 stderr 2021-10-08T15:26:24.550769:++ Authored by: RW Cox
211008-15:26:24,552 nipype.interface INFO:
	 stderr 2021-10-08T15:26:24.552188:[7m*+ WARNING:[0m   If you are performing spatial transformations on an oblique dset, 
211008-15:26:24,552 nipype.interface INFO:
	 stderr 2021-10-08T15:26:24.552188:  such as /data/aglinska/BC-fMRI-AE/Code/slurm_jobs/fmriprep_ABIDEII-UCLA_1/work/fmriprep_wf/single_subject_29733_wf/func_preproc_ses_1_task_rest_run_1_wf/final_boldref_wf/gen_ref/slice.nii.gz,
211008-15:26:24,552 nipype.interface INFO:
	 stderr 2021-10-08T15:26:24.552188:  or viewing/combining it with volumes of differing obliquity,
211008-15:26:24,552 nipype.interface INFO:
	 stderr 2021-10-08T15:26:24.552188:  you should consider running: 
211008-15:26:24,552 nipype.interface INFO:
	 stderr 2021-10-08T15:26:24.552188:     3dWarp -deoblique 
211008-15:26:24,552 nipype.interface INFO:
	 stderr 2021-10-08T15:26:24.552188:  on this and  other oblique datasets in the same session.
211008-15:26:24,552 nipype.interface INFO:
	 stderr 2021-10-08T15:26:24.552188: See 3dWarp -help for details.
211008-15:26:24,552 nipype.interface INFO:
	 stderr 2021-10-08T15:26:24.552188:++ Oblique dataset:/data/aglinska/BC-fMRI-AE/Code/slurm_jobs/fmriprep_ABIDEII-UCLA_1/work/fmriprep_wf/single_subject_29733_wf/func_preproc_ses_1_task_rest_run_1_wf/final_boldref_wf/gen_ref/slice.nii.gz is 2.300016 degrees from plumb.
211008-15:26:24,552 nipype.interface INFO:
	 stderr 2021-10-08T15:26:24.552549:++ Coarse del was 10, replaced with 3
211008-15:26:26,310 nipype.workflow INFO:
	 [Node] Setting-up "fmriprep_wf.single_subject_29733_wf.anat_preproc_wf.brain_extraction_wf.truncate_images" in "/data/aglinska/BC-fMRI-AE/Code/slurm_jobs/fmriprep_ABIDEII-UCLA_1/work/fmriprep_wf/single_subject_29733_wf/anat_preproc_wf/brain_extraction_wf/truncate_images".
211008-15:26:26,328 nipype.workflow INFO:
	 [Node] Setting-up "_truncate_images0" in "/data/aglinska/BC-fMRI-AE/Code/slurm_jobs/fmriprep_ABIDEII-UCLA_1/work/fmriprep_wf/single_subject_29733_wf/anat_preproc_wf/brain_extraction_wf/truncate_images/mapflow/_truncate_images0".
211008-15:26:26,333 nipype.workflow INFO:
	 [Node] Running "_truncate_images0" ("nipype.interfaces.ants.utils.ImageMath"), a CommandLine Interface with command:
ImageMath 3 sub-29733_ses-1_run-1_T1w_ras_corrected_valid_maths.nii.gz TruncateImageIntensity /data/aglinska/BC-fMRI-AE/Code/slurm_jobs/fmriprep_ABIDEII-UCLA_1/work/fmriprep_wf/single_subject_29733_wf/anat_preproc_wf/anat_validate/sub-29733_ses-1_run-1_T1w_ras_corrected_valid.nii.gz 0.01 0.999 256
211008-15:26:26,477 nipype.workflow INFO:
	 [Node] Finished "fmriprep_wf.single_subject_29733_wf.func_preproc_ses_1_task_rest_run_1_wf.initial_boldref_wf.enhance_and_skullstrip_bold_wf.skullstrip_first_pass".
211008-15:26:28,505 nipype.workflow INFO:
	 [Node] Setting-up "fmriprep_wf.single_subject_29733_wf.func_preproc_ses_1_task_rest_run_1_wf.initial_boldref_wf.enhance_and_skullstrip_bold_wf.skullstrip_first_dilate" in "/data/aglinska/BC-fMRI-AE/Code/slurm_jobs/fmriprep_ABIDEII-UCLA_1/work/fmriprep_wf/single_subject_29733_wf/func_preproc_ses_1_task_rest_run_1_wf/initial_boldref_wf/enhance_and_skullstrip_bold_wf/skullstrip_first_dilate".
211008-15:26:28,546 nipype.workflow INFO:
	 [Node] Running "skullstrip_first_dilate" ("nipype.interfaces.fsl.maths.DilateImage"), a CommandLine Interface with command:
fslmaths -dt char /data/aglinska/BC-fMRI-AE/Code/slurm_jobs/fmriprep_ABIDEII-UCLA_1/work/fmriprep_wf/single_subject_29733_wf/func_preproc_ses_1_task_rest_run_1_wf/initial_boldref_wf/enhance_and_skullstrip_bold_wf/skullstrip_first_pass/ref_bold_corrected_brain_mask.nii.gz -kernel sphere 6.0000 -dilF /data/aglinska/BC-fMRI-AE/Code/slurm_jobs/fmriprep_ABIDEII-UCLA_1/work/fmriprep_wf/single_subject_29733_wf/func_preproc_ses_1_task_rest_run_1_wf/initial_boldref_wf/enhance_and_skullstrip_bold_wf/skullstrip_first_dilate/ref_bold_corrected_brain_mask_dil.nii.gz
211008-15:26:29,221 nipype.workflow INFO:
	 [Node] Finished "fmriprep_wf.single_subject_29733_wf.func_preproc_ses_1_task_rest_run_1_wf.initial_boldref_wf.enhance_and_skullstrip_bold_wf.skullstrip_first_dilate".
211008-15:26:30,468 nipype.workflow INFO:
	 [Node] Setting-up "fmriprep_wf.single_subject_29733_wf.func_preproc_ses_1_task_rest_run_1_wf.initial_boldref_wf.enhance_and_skullstrip_bold_wf.skullstrip_first_mask" in "/data/aglinska/BC-fMRI-AE/Code/slurm_jobs/fmriprep_ABIDEII-UCLA_1/work/fmriprep_wf/single_subject_29733_wf/func_preproc_ses_1_task_rest_run_1_wf/initial_boldref_wf/enhance_and_skullstrip_bold_wf/skullstrip_first_mask".
211008-15:26:30,477 nipype.workflow INFO:
	 [Node] Running "skullstrip_first_mask" ("nipype.interfaces.fsl.maths.ApplyMask"), a CommandLine Interface with command:
fslmaths /data/aglinska/BC-fMRI-AE/Code/slurm_jobs/fmriprep_ABIDEII-UCLA_1/work/fmriprep_wf/single_subject_29733_wf/func_preproc_ses_1_task_rest_run_1_wf/initial_boldref_wf/enhance_and_skullstrip_bold_wf/skullstrip_first_pass/ref_bold_corrected_brain.nii.gz -mas /data/aglinska/BC-fMRI-AE/Code/slurm_jobs/fmriprep_ABIDEII-UCLA_1/work/fmriprep_wf/single_subject_29733_wf/func_preproc_ses_1_task_rest_run_1_wf/initial_boldref_wf/enhance_and_skullstrip_bold_wf/skullstrip_first_dilate/ref_bold_corrected_brain_mask_dil.nii.gz /data/aglinska/BC-fMRI-AE/Code/slurm_jobs/fmriprep_ABIDEII-UCLA_1/work/fmriprep_wf/single_subject_29733_wf/func_preproc_ses_1_task_rest_run_1_wf/initial_boldref_wf/enhance_and_skullstrip_bold_wf/skullstrip_first_mask/ref_bold_corrected_brain_masked.nii.gz
211008-15:26:30,506 nipype.workflow INFO:
	 [Node] Finished "_truncate_images0".
211008-15:26:30,510 nipype.workflow INFO:
	 [Node] Finished "fmriprep_wf.single_subject_29733_wf.anat_preproc_wf.brain_extraction_wf.truncate_images".
211008-15:26:30,716 nipype.workflow INFO:
	 [Node] Finished "fmriprep_wf.single_subject_29733_wf.func_preproc_ses_1_task_rest_run_1_wf.initial_boldref_wf.enhance_and_skullstrip_bold_wf.skullstrip_first_mask".
211008-15:26:32,283 nipype.workflow INFO:
	 [Node] Setting-up "fmriprep_wf.single_subject_29733_wf.func_preproc_ses_1_task_rest_run_1_wf.initial_boldref_wf.enhance_and_skullstrip_bold_wf.unifize" in "/data/aglinska/BC-fMRI-AE/Code/slurm_jobs/fmriprep_ABIDEII-UCLA_1/work/fmriprep_wf/single_subject_29733_wf/func_preproc_ses_1_task_rest_run_1_wf/initial_boldref_wf/enhance_and_skullstrip_bold_wf/unifize".
211008-15:26:32,413 nipype.workflow INFO:
	 [Node] Setting-up "fmriprep_wf.single_subject_29733_wf.anat_preproc_wf.brain_extraction_wf.inu_n4" in "/data/aglinska/BC-fMRI-AE/Code/slurm_jobs/fmriprep_ABIDEII-UCLA_1/work/fmriprep_wf/single_subject_29733_wf/anat_preproc_wf/brain_extraction_wf/inu_n4".
211008-15:26:32,442 nipype.workflow INFO:
	 [Node] Setting-up "_inu_n40" in "/data/aglinska/BC-fMRI-AE/Code/slurm_jobs/fmriprep_ABIDEII-UCLA_1/work/fmriprep_wf/single_subject_29733_wf/anat_preproc_wf/brain_extraction_wf/inu_n4/mapflow/_inu_n40".
211008-15:26:32,447 nipype.workflow INFO:
	 [Node] Running "_inu_n40" ("nipype.interfaces.ants.segmentation.N4BiasFieldCorrection"), a CommandLine Interface with command:
N4BiasFieldCorrection --bspline-fitting [ 200 ] -d 3 --input-image /data/aglinska/BC-fMRI-AE/Code/slurm_jobs/fmriprep_ABIDEII-UCLA_1/work/fmriprep_wf/single_subject_29733_wf/anat_preproc_wf/brain_extraction_wf/truncate_images/mapflow/_truncate_images0/sub-29733_ses-1_run-1_T1w_ras_corrected_valid_maths.nii.gz --convergence [ 50x50x50x50, 1e-07 ] --output sub-29733_ses-1_run-1_T1w_ras_corrected_valid_maths_corrected.nii.gz --shrink-factor 4
211008-15:26:32,468 nipype.workflow WARNING:
	 Storing result file without outputs
211008-15:26:32,469 nipype.workflow WARNING:
	 [Node] Error on "_inu_n40" (/data/aglinska/BC-fMRI-AE/Code/slurm_jobs/fmriprep_ABIDEII-UCLA_1/work/fmriprep_wf/single_subject_29733_wf/anat_preproc_wf/brain_extraction_wf/inu_n4/mapflow/_inu_n40)
211008-15:26:32,472 nipype.workflow WARNING:
	 Storing result file without outputs
211008-15:26:32,473 nipype.workflow WARNING:
	 [Node] Error on "fmriprep_wf.single_subject_29733_wf.anat_preproc_wf.brain_extraction_wf.inu_n4" (/data/aglinska/BC-fMRI-AE/Code/slurm_jobs/fmriprep_ABIDEII-UCLA_1/work/fmriprep_wf/single_subject_29733_wf/anat_preproc_wf/brain_extraction_wf/inu_n4)
211008-15:26:32,550 nipype.workflow INFO:
	 [Node] Running "unifize" ("nipype.interfaces.afni.utils.Unifize"), a CommandLine Interface with command:
3dUnifize -clfrac 0.2 -rbt 18.3 65.0 90.0 -prefix uni.nii.gz -T2 -input /data/aglinska/BC-fMRI-AE/Code/slurm_jobs/fmriprep_ABIDEII-UCLA_1/work/fmriprep_wf/single_subject_29733_wf/func_preproc_ses_1_task_rest_run_1_wf/initial_boldref_wf/enhance_and_skullstrip_bold_wf/unifize/ref_bold_corrected_brain_masked.nii.gz
211008-15:26:32,566 nipype.workflow WARNING:
	 Storing result file without outputs
211008-15:26:32,569 nipype.workflow WARNING:
	 [Node] Error on "fmriprep_wf.single_subject_29733_wf.func_preproc_ses_1_task_rest_run_1_wf.initial_boldref_wf.enhance_and_skullstrip_bold_wf.unifize" (/data/aglinska/BC-fMRI-AE/Code/slurm_jobs/fmriprep_ABIDEII-UCLA_1/work/fmriprep_wf/single_subject_29733_wf/func_preproc_ses_1_task_rest_run_1_wf/initial_boldref_wf/enhance_and_skullstrip_bold_wf/unifize)
211008-15:26:33,964 nipype.workflow ERROR:
	 Node unifize failed to run on host c063.
211008-15:26:33,969 nipype.workflow ERROR:
	 Saving crash info to /data/aglinska/data/ABIDE2/Derivatives/test/fmriprep/sub-29733/log/20211008-152303_c9b5300c-917c-4fe8-9c29-0a760dcde741/crash-20211008-152633-aglinska-unifize-e0cf5bc9-e88a-4c12-96c6-342d7f80a179.txt
Traceback (most recent call last):
  File "/usr/local/miniconda/lib/python3.7/site-packages/nipype/pipeline/plugins/multiproc.py", line 67, in run_node
    result["result"] = node.run(updatehash=updatehash)
  File "/usr/local/miniconda/lib/python3.7/site-packages/nipype/pipeline/engine/nodes.py", line 516, in run
    result = self._run_interface(execute=True)
  File "/usr/local/miniconda/lib/python3.7/site-packages/nipype/pipeline/engine/nodes.py", line 635, in _run_interface
    return self._run_command(execute)
  File "/usr/local/miniconda/lib/python3.7/site-packages/nipype/pipeline/engine/nodes.py", line 741, in _run_command
    result = self._interface.run(cwd=outdir)
  File "/usr/local/miniconda/lib/python3.7/site-packages/nipype/interfaces/base/core.py", line 419, in run
    runtime = self._run_interface(runtime)
  File "/usr/local/miniconda/lib/python3.7/site-packages/nipype/interfaces/afni/base.py", line 125, in _run_interface
    runtime, correct_return_codes
  File "/usr/local/miniconda/lib/python3.7/site-packages/nipype/interfaces/base/core.py", line 812, in _run_interface
    runtime = run_command(runtime, output=self.terminal_output)
  File "/usr/local/miniconda/lib/python3.7/site-packages/nipype/utils/subprocess.py", line 110, in run_command
    close_fds=(not sys.platform.startswith("win")),
  File "/usr/local/miniconda/lib/python3.7/subprocess.py", line 769, in __init__
    restore_signals, start_new_session)
  File "/usr/local/miniconda/lib/python3.7/subprocess.py", line 1516, in _execute_child
    raise child_exception_type(errno_num, err_msg, err_filename)
NotADirectoryError: [Errno 20] Not a directory: '/bin/sh'

211008-15:26:33,973 nipype.workflow ERROR:
	 Node inu_n4 failed to run on host c063.
211008-15:26:33,975 nipype.workflow ERROR:
	 Saving crash info to /data/aglinska/data/ABIDE2/Derivatives/test/fmriprep/sub-29733/log/20211008-152303_c9b5300c-917c-4fe8-9c29-0a760dcde741/crash-20211008-152633-aglinska-inu_n4-835778c6-6ffa-4593-a518-84579966081b.txt
Traceback (most recent call last):
  File "/usr/local/miniconda/lib/python3.7/site-packages/nipype/pipeline/plugins/multiproc.py", line 67, in run_node
    result["result"] = node.run(updatehash=updatehash)
  File "/usr/local/miniconda/lib/python3.7/site-packages/nipype/pipeline/engine/nodes.py", line 516, in run
    result = self._run_interface(execute=True)
  File "/usr/local/miniconda/lib/python3.7/site-packages/nipype/pipeline/engine/nodes.py", line 1386, in _run_interface
    self.config["execution"]["stop_on_first_crash"]
  File "/usr/local/miniconda/lib/python3.7/site-packages/nipype/pipeline/engine/nodes.py", line 1295, in _collate_results
    "Subnodes of node: %s failed:\n%s" % (self.name, "\n".join(msg))
Exception: Subnodes of node: inu_n4 failed:
Subnode 0 failed
Error: Traceback (most recent call last):

  File "/usr/local/miniconda/lib/python3.7/site-packages/nipype/utils/filemanip.py", line 868, in get_dependencies
    command, stdout=sp.PIPE, stderr=sp.PIPE, shell=True, env=environ

  File "/usr/local/miniconda/lib/python3.7/subprocess.py", line 769, in __init__
    restore_signals, start_new_session)

  File "/usr/local/miniconda/lib/python3.7/subprocess.py", line 1516, in _execute_child
    raise child_exception_type(errno_num, err_msg, err_filename)

NotADirectoryError: [Errno 20] Not a directory: '/bin/sh'


During handling of the above exception, another exception occurred:


Traceback (most recent call last):

  File "/usr/local/miniconda/lib/python3.7/site-packages/nipype/pipeline/engine/utils.py", line 94, in nodelist_runner
    result = node.run(updatehash=updatehash)

  File "/usr/local/miniconda/lib/python3.7/site-packages/nipype/pipeline/engine/nodes.py", line 516, in run
    result = self._run_interface(execute=True)

  File "/usr/local/miniconda/lib/python3.7/site-packages/nipype/pipeline/engine/nodes.py", line 635, in _run_interface
    return self._run_command(execute)

  File "/usr/local/miniconda/lib/python3.7/site-packages/nipype/pipeline/engine/nodes.py", line 741, in _run_command
    result = self._interface.run(cwd=outdir)

  File "/usr/local/miniconda/lib/python3.7/site-packages/nipype/interfaces/base/core.py", line 375, in run
    self._check_version_requirements(self.inputs)

  File "/usr/local/miniconda/lib/python3.7/site-packages/nipype/interfaces/base/core.py", line 275, in _check_version_requirements
    if names and self.version:

  File "/usr/local/miniconda/lib/python3.7/site-packages/nipype/interfaces/ants/base.py", line 123, in version
    return Info.version()

  File "/usr/local/miniconda/lib/python3.7/site-packages/nipype/interfaces/base/core.py", line 1122, in version
    terminal_output="allatonce",

  File "/usr/local/miniconda/lib/python3.7/site-packages/nipype/interfaces/base/core.py", line 419, in run
    runtime = self._run_interface(runtime)

  File "/usr/local/miniconda/lib/python3.7/site-packages/nipype/interfaces/base/core.py", line 809, in _run_interface
    if self._ldd

  File "/usr/local/miniconda/lib/python3.7/site-packages/nipype/utils/filemanip.py", line 875, in get_dependencies
    "Could not get dependencies of %s. Error:\n%s", name, ex.message

AttributeError: 'NotADirectoryError' object has no attribute 'message'


211008-15:26:48,389 nipype.interface INFO:
	 stderr 2021-10-08T15:26:48.389487:++ Max displacement in automask = 0.43 (mm) at sub-brick 4
211008-15:26:48,389 nipype.interface INFO:
	 stderr 2021-10-08T15:26:48.389715:++ Max delta displ  in automask = 0.43 (mm) at sub-brick 4
211008-15:26:50,154 nipype.workflow INFO:
	 [Node] Finished "fmriprep_wf.single_subject_29733_wf.func_preproc_ses_1_task_rest_run_1_wf.final_boldref_wf.gen_ref".
211008-15:26:52,486 nipype.workflow INFO:
	 [Node] Setting-up "fmriprep_wf.single_subject_29733_wf.func_preproc_ses_1_task_rest_run_1_wf.final_boldref_wf.enhance_and_skullstrip_bold_wf.init_aff" in "/data/aglinska/BC-fMRI-AE/Code/slurm_jobs/fmriprep_ABIDEII-UCLA_1/work/fmriprep_wf/single_subject_29733_wf/func_preproc_ses_1_task_rest_run_1_wf/final_boldref_wf/enhance_and_skullstrip_bold_wf/init_aff".
211008-19:26:54,530 nipype.workflow INFO:
	 [Node] Running "init_aff" ("nipype.interfaces.ants.utils.AI"), a CommandLine Interface with command:
antsAI -c [10,1e-06,10] -d 3 -x /data/aglinska/.cache/templateflow/tpl-MNI152NLin2009cAsym/tpl-MNI152NLin2009cAsym_res-02_desc-brain_mask.nii.gz -m Mattes[/data/aglinska/.cache/templateflow/tpl-MNI152NLin2009cAsym/tpl-MNI152NLin2009cAsym_res-02_desc-fMRIPrep_boldref.nii.gz,/data/aglinska/BC-fMRI-AE/Code/slurm_jobs/fmriprep_ABIDEII-UCLA_1/work/fmriprep_wf/single_subject_29733_wf/func_preproc_ses_1_task_rest_run_1_wf/final_boldref_wf/gen_ref/ref_bold.nii.gz,32,Regular,0.2] -o initialization.mat -p 0 -s [20,0.12] -g [40.0,0x40x40] -t Affine[0.1] -v 1
211008-19:26:54,583 nipype.workflow WARNING:
	 Storing result file without outputs
211008-19:26:54,589 nipype.workflow WARNING:
	 [Node] Error on "fmriprep_wf.single_subject_29733_wf.func_preproc_ses_1_task_rest_run_1_wf.final_boldref_wf.enhance_and_skullstrip_bold_wf.init_aff" (/data/aglinska/BC-fMRI-AE/Code/slurm_jobs/fmriprep_ABIDEII-UCLA_1/work/fmriprep_wf/single_subject_29733_wf/func_preproc_ses_1_task_rest_run_1_wf/final_boldref_wf/enhance_and_skullstrip_bold_wf/init_aff)
211008-15:26:55,975 nipype.workflow ERROR:
	 Node init_aff failed to run on host c063.
211008-15:26:55,978 nipype.workflow ERROR:
	 Saving crash info to /data/aglinska/data/ABIDE2/Derivatives/test/fmriprep/sub-29733/log/20211008-152303_c9b5300c-917c-4fe8-9c29-0a760dcde741/crash-20211008-152655-UID86286-init_aff-d2014539-3b25-4030-a1fe-6452129ab332.txt
Traceback (most recent call last):
  File "/usr/local/miniconda/lib/python3.7/site-packages/nipype/utils/filemanip.py", line 868, in get_dependencies
    command, stdout=sp.PIPE, stderr=sp.PIPE, shell=True, env=environ
  File "/usr/local/miniconda/lib/python3.7/subprocess.py", line 769, in __init__
    restore_signals, start_new_session)
  File "/usr/local/miniconda/lib/python3.7/subprocess.py", line 1516, in _execute_child
    raise child_exception_type(errno_num, err_msg, err_filename)
NotADirectoryError: [Errno 20] Not a directory: '/bin/sh'

During handling of the above exception, another exception occurred:

Traceback (most recent call last):
  File "/usr/local/miniconda/lib/python3.7/site-packages/nipype/pipeline/plugins/multiproc.py", line 67, in run_node
    result["result"] = node.run(updatehash=updatehash)
  File "/usr/local/miniconda/lib/python3.7/site-packages/nipype/pipeline/engine/nodes.py", line 516, in run
    result = self._run_interface(execute=True)
  File "/usr/local/miniconda/lib/python3.7/site-packages/nipype/pipeline/engine/nodes.py", line 635, in _run_interface
    return self._run_command(execute)
  File "/usr/local/miniconda/lib/python3.7/site-packages/nipype/pipeline/engine/nodes.py", line 741, in _run_command
    result = self._interface.run(cwd=outdir)
  File "/usr/local/miniconda/lib/python3.7/site-packages/nipype/interfaces/base/core.py", line 397, in run
    version=self.version,
  File "/usr/local/miniconda/lib/python3.7/site-packages/nipype/interfaces/ants/base.py", line 123, in version
    return Info.version()
  File "/usr/local/miniconda/lib/python3.7/site-packages/nipype/interfaces/base/core.py", line 1122, in version
    terminal_output="allatonce",
  File "/usr/local/miniconda/lib/python3.7/site-packages/nipype/interfaces/base/core.py", line 419, in run
    runtime = self._run_interface(runtime)
  File "/usr/local/miniconda/lib/python3.7/site-packages/nipype/interfaces/base/core.py", line 809, in _run_interface
    if self._ldd
  File "/usr/local/miniconda/lib/python3.7/site-packages/nipype/utils/filemanip.py", line 875, in get_dependencies
    "Could not get dependencies of %s. Error:\n%s", name, ex.message
AttributeError: 'NotADirectoryError' object has no attribute 'message'

211008-15:26:57,975 nipype.workflow ERROR:
	 could not run node: fmriprep_wf.single_subject_29733_wf.func_preproc_ses_1_task_rest_run_1_wf.initial_boldref_wf.enhance_and_skullstrip_bold_wf.unifize
211008-15:26:57,977 nipype.workflow ERROR:
	 could not run node: fmriprep_wf.single_subject_29733_wf.anat_preproc_wf.brain_extraction_wf.inu_n4
211008-15:26:57,978 nipype.workflow ERROR:
	 could not run node: fmriprep_wf.single_subject_29733_wf.func_preproc_ses_1_task_rest_run_1_wf.final_boldref_wf.enhance_and_skullstrip_bold_wf.init_aff
211008-15:26:57,998 nipype.workflow CRITICAL:
	 fMRIPrep failed: Workflow did not execute cleanly. Check log for details
211008-15:26:59,526 cli ERROR:
	 Preprocessing did not finish successfully. Errors occurred while processing data from participants: 29733 (3). Check the HTML reports for details.
